[11:48:51.877][info] [#0:/home/marculonis/.config/bin/lua-language-server-3.7.4-linux-x64/main.lua:66]: Lua Lsp startup, root: 	/home/marculonis/.config/bin/lua-language-server-3.7.4-linux-x64
[11:48:51.877][info] [#0:/home/marculonis/.config/bin/lua-language-server-3.7.4-linux-x64/main.lua:67]: ROOT:	/home/marculonis/.config/bin/lua-language-server-3.7.4-linux-x64
[11:48:51.877][info] [#0:/home/marculonis/.config/bin/lua-language-server-3.7.4-linux-x64/main.lua:68]: LOGPATH:	/home/marculonis/.config/bin/lua-language-server-3.7.4-linux-x64/log
[11:48:51.877][info] [#0:/home/marculonis/.config/bin/lua-language-server-3.7.4-linux-x64/main.lua:69]: METAPATH:	/home/marculonis/.config/bin/lua-language-server-3.7.4-linux-x64/meta
[11:48:51.878][info] [#0:/home/marculonis/.config/bin/lua-language-server-3.7.4-linux-x64/main.lua:70]: VERSION:	3.7.4
[11:48:51.915][info] [#0:script/service/service.lua:144]: 
========= Medical Examination Report =========
    --------------- Memory ---------------
        Total: 1.336 MB
        # 00 : 1.336 MB
        # 01 : 0.000 MB
        # 02 : 0.000 MB
        # 03 : 0.000 MB
        # 04 : 0.000 MB
    --------------- Coroutine ---------------
        Total:     0
        Running:   0
        Suspended: 0
        Normal:    0
        Dead:      0
    --------------- Cache ---------------
        Total: 1
        Dead:  0
    ---------------  RPC  ---------------
        Holdon:   0
        Waiting:  0
==============================================
[11:48:51.922][info] [#0:script/client.lua:657]: Client init	{
  capabilities = {
    general = {
      positionEncodings = { "utf-16" }
    },
    textDocument = {
      callHierarchy = {
        dynamicRegistration = false
      },
      codeAction = {
        codeActionLiteralSupport = {
          codeActionKind = {
            valueSet = { "", "quickfix", "refactor", "refactor.extract", "refactor.inline", "refactor.rewrite", "source", "source.organizeImports" }
          }
        },
        dataSupport = true,
        dynamicRegistration = true,
        isPreferredSupport = true,
        resolveSupport = {
          properties = { "edit" }
        }
      },
      completion = {
        completionItem = {
          commitCharactersSupport = true,
          deprecatedSupport = true,
          documentationFormat = { "markdown", "plaintext" },
          insertReplaceSupport = true,
          insertTextModeSupport = {
            valueSet = { 1, 2 }
          },
          labelDetailsSupport = true,
          preselectSupport = true,
          resolveSupport = {
            properties = { "documentation", "detail", "additionalTextEdits", "sortText", "filterText", "insertText", "textEdit", "insertTextFormat", "insertTextMode" }
          },
          snippetSupport = true,
          tagSupport = {
            valueSet = { 1 }
          }
        },
        completionItemKind = {
          valueSet = { 1, 2, 3, 4, 5, 6, 7, 8, 9, 10, 11, 12, 13, 14, 15, 16, 17, 18, 19, 20, 21, 22, 23, 24, 25 }
        },
        completionList = {
          itemDefaults = { "commitCharacters", "editRange", "insertTextFormat", "insertTextMode", "data" }
        },
        contextSupport = true,
        dynamicRegistration = false,
        insertTextMode = 1
      },
      declaration = {
        linkSupport = true
      },
      definition = {
        dynamicRegistration = true,
        linkSupport = true
      },
      diagnostic = {
        dynamicRegistration = false
      },
      documentHighlight = {
        dynamicRegistration = false
      },
      documentSymbol = {
        dynamicRegistration = false,
        hierarchicalDocumentSymbolSupport = true,
        symbolKind = {
          valueSet = { 1, 2, 3, 4, 5, 6, 7, 8, 9, 10, 11, 12, 13, 14, 15, 16, 17, 18, 19, 20, 21, 22, 23, 24, 25, 26 }
        }
      },
      formatting = {
        dynamicRegistration = true
      },
      hover = {
        contentFormat = { "markdown", "plaintext" },
        dynamicRegistration = true
      },
      implementation = {
        linkSupport = true
      },
      inlayHint = {
        dynamicRegistration = true,
        resolveSupport = {
          properties = { "textEdits", "tooltip", "location", "command" }
        }
      },
      publishDiagnostics = {
        dataSupport = true,
        relatedInformation = true,
        tagSupport = {
          valueSet = { 1, 2 }
        }
      },
      rangeFormatting = {
        dynamicRegistration = true
      },
      references = {
        dynamicRegistration = false
      },
      rename = {
        dynamicRegistration = true,
        prepareSupport = true
      },
      semanticTokens = {
        augmentsSyntaxTokens = true,
        dynamicRegistration = false,
        formats = { "relative" },
        multilineTokenSupport = false,
        overlappingTokenSupport = true,
        requests = {
          full = {
            delta = true
          },
          range = false
        },
        serverCancelSupport = false,
        tokenModifiers = { "declaration", "definition", "readonly", "static", "deprecated", "abstract", "async", "modification", "documentation", "defaultLibrary" },
        tokenTypes = { "namespace", "type", "class", "enum", "interface", "struct", "typeParameter", "parameter", "variable", "property", "enumMember", "event", "function", "method", "macro", "keyword", "modifier", "comment", "string", "number", "regexp", "operator", "decorator" }
      },
      signatureHelp = {
        dynamicRegistration = false,
        signatureInformation = {
          activeParameterSupport = true,
          documentationFormat = { "markdown", "plaintext" },
          parameterInformation = {
            labelOffsetSupport = true
          }
        }
      },
      synchronization = {
        didSave = true,
        dynamicRegistration = false,
        willSave = true,
        willSaveWaitUntil = true
      },
      typeDefinition = {
        linkSupport = true
      }
    },
    window = {
      showDocument = {
        support = true
      },
      showMessage = {
        messageActionItem = {
          additionalPropertiesSupport = false
        }
      },
      workDoneProgress = true
    },
    workspace = {
      applyEdit = true,
      configuration = true,
      didChangeConfiguration = {
        dynamicRegistration = false
      },
      didChangeWatchedFiles = {
        dynamicRegistration = false,
        relativePatternSupport = true
      },
      inlayHint = {
        refreshSupport = true
      },
      semanticTokens = {
        refreshSupport = true
      },
      symbol = {
        dynamicRegistration = false,
        symbolKind = {
          valueSet = { 1, 2, 3, 4, 5, 6, 7, 8, 9, 10, 11, 12, 13, 14, 15, 16, 17, 18, 19, 20, 21, 22, 23, 24, 25, 26 }
        }
      },
      workspaceEdit = {
        resourceOperations = { "rename", "create", "delete" }
      },
      workspaceFolders = true
    }
  },
  clientInfo = {
    name = "Neovim",
    version = "0.10.0-dev+v0.10.0"
  },
  initializationOptions = {},
  processId = 126183,
  rootPath = "/home/marculonis/.config/nvim",
  rootUri = "file:///home/marculonis/.config/nvim",
  trace = "off",
  workDoneToken = "1",
  workspaceFolders = { {
      name = "/home/marculonis/.config/nvim",
      uri = "file:///home/marculonis/.config/nvim"
    } }
}
[11:48:51.922][info] [#0:script/language.lua:137]: VSC language: nil
[11:48:51.922][info] [#0:script/language.lua:138]: LS  language: en-us
[11:48:51.922][info] [#0:script/workspace/workspace.lua:38]: Workspace init root: 	file:///home/marculonis/.config/nvim
[11:48:51.922][info] [#0:script/workspace/workspace.lua:42]: Log path: 	/home/marculonis/.config/bin/lua-language-server-3.7.4-linux-x64/log/file_home_marculonis_.config_nvim.log
[11:48:51.922][info] [#0:script/workspace/workspace.lua:48]: Workspace create: 	file:///home/marculonis/.config/nvim
[11:48:52.026][info] [#0:script/provider/provider.lua:46]: Load config from client	file:///home/marculonis/.config/nvim
[11:48:52.026][info] [#0:script/provider/provider.lua:47]: {
  Lua = {
    diagnostics = {
      globals = "vim"
    },
    runtime = {
      version = { "Lua 5.3", "LuaJIT" }
    },
    telemetry = {
      enable = false
    },
    workspace = {
      checkThirdParty = false,
      library = { "/usr/share/nvim/runtime" }
    }
  }
}
[11:48:52.026][info] [#0:script/provider/provider.lua:46]: Load config from client	file:///home/marculonis/.config/nvim
[11:48:52.027][info] [#0:script/provider/provider.lua:47]: {
  Lua = {
    diagnostics = {
      globals = "vim"
    },
    runtime = {
      version = { "Lua 5.3", "LuaJIT" }
    },
    telemetry = {
      enable = false
    },
    workspace = {
      checkThirdParty = false,
      library = { "/usr/share/nvim/runtime" }
    }
  }
}
[11:48:52.128][info] [#0:script/provider/provider.lua:61]: Load config from client	fallback
[11:48:52.128][info] [#0:script/provider/provider.lua:62]: {
  Lua = {
    diagnostics = {
      globals = "vim"
    },
    runtime = {
      version = { "Lua 5.3", "LuaJIT" }
    },
    telemetry = {
      enable = false
    },
    workspace = {
      checkThirdParty = false,
      library = { "/usr/share/nvim/runtime" }
    }
  }
}
[11:48:52.128][info] [#0:script/provider/provider.lua:61]: Load config from client	fallback
[11:48:52.129][info] [#0:script/provider/provider.lua:62]: {
  Lua = {
    diagnostics = {
      globals = "vim"
    },
    runtime = {
      version = { "Lua 5.3", "LuaJIT" }
    },
    telemetry = {
      enable = false
    },
    workspace = {
      checkThirdParty = false,
      library = { "/usr/share/nvim/runtime" }
    }
  }
}
[11:48:52.230][info] [#0:script/library.lua:212]: Init builtin library at:	file:///home/marculonis/.config/nvim
[11:48:52.287][info] [#0:script/plugin.lua:86]: plugin path:	/home/marculonis/.config/nvim
[11:48:52.287][warn] [#0:script/plugin.lua:101]: plugin not found:	/home/marculonis/.config/nvim
[11:48:52.287][info] [#0:script/library.lua:212]: Init builtin library at:	nil
[11:48:52.399][info] [#0:script/workspace/workspace.lua:324]: Preload start:	file:///home/marculonis/.config/nvim
[11:48:52.406][info] [#0:script/workspace/workspace.lua:330]: Scan files at:	file:///home/marculonis/.config/nvim
[11:48:52.409][info] [#0:script/workspace/workspace.lua:324]: Preload start:	<fallback>
[11:48:52.416][info] [#0:script/workspace/workspace.lua:353]: Scan library at:	file:///home/marculonis/.config/bin/lua-language-server-3.7.4-linux-x64/meta/Lua%205.4%20en-us%20utf8/coroutine.lua
[11:48:52.417][info] [#0:script/workspace/workspace.lua:353]: Scan library at:	file:///usr/share/nvim/runtime
[11:48:52.456][info] [#0:script/workspace/workspace.lua:353]: Scan library at:	file:///home/marculonis/.config/bin/lua-language-server-3.7.4-linux-x64/meta/Lua%205.4%20en-us%20utf8/coroutine.lua
[11:48:52.456][info] [#0:script/workspace/workspace.lua:353]: Scan library at:	file:///usr/share/nvim/runtime
[11:48:52.565][info] [#0:script/workspace/workspace.lua:353]: Scan library at:	file:///home/marculonis/.config/bin/lua-language-server-3.7.4-linux-x64/meta/Lua%205.4%20en-us%20utf8/package.lua
[11:48:52.565][info] [#0:script/workspace/workspace.lua:353]: Scan library at:	file:///home/marculonis/.config/bin/lua-language-server-3.7.4-linux-x64/meta/Lua%205.4%20en-us%20utf8/math.lua
[11:48:52.565][info] [#0:script/workspace/workspace.lua:353]: Scan library at:	file:///home/marculonis/.config/bin/lua-language-server-3.7.4-linux-x64/meta/Lua%205.4%20en-us%20utf8/debug.lua
[11:48:52.565][info] [#0:script/workspace/workspace.lua:353]: Scan library at:	file:///home/marculonis/.config/bin/lua-language-server-3.7.4-linux-x64/meta/Lua%205.4%20en-us%20utf8/builtin.lua
[11:48:52.565][info] [#0:script/workspace/workspace.lua:353]: Scan library at:	file:///home/marculonis/.config/bin/lua-language-server-3.7.4-linux-x64/meta/Lua%205.4%20en-us%20utf8/io.lua
[11:48:52.565][info] [#0:script/workspace/workspace.lua:353]: Scan library at:	file:///home/marculonis/.config/bin/lua-language-server-3.7.4-linux-x64/meta/Lua%205.4%20en-us%20utf8/string.lua
[11:48:52.566][info] [#0:script/workspace/workspace.lua:353]: Scan library at:	file:///home/marculonis/.config/bin/lua-language-server-3.7.4-linux-x64/meta/Lua%205.4%20en-us%20utf8/utf8.lua
[11:48:52.566][info] [#0:script/workspace/workspace.lua:353]: Scan library at:	file:///home/marculonis/.config/bin/lua-language-server-3.7.4-linux-x64/meta/Lua%205.4%20en-us%20utf8/os.lua
[11:48:52.566][info] [#0:script/workspace/workspace.lua:353]: Scan library at:	file:///home/marculonis/.config/bin/lua-language-server-3.7.4-linux-x64/meta/Lua%205.4%20en-us%20utf8/basic.lua
[11:48:52.566][info] [#0:script/workspace/workspace.lua:353]: Scan library at:	file:///home/marculonis/.config/bin/lua-language-server-3.7.4-linux-x64/meta/Lua%205.4%20en-us%20utf8/table.lua
[11:48:52.566][info] [#0:script/workspace/workspace.lua:353]: Scan library at:	file:///home/marculonis/.config/bin/lua-language-server-3.7.4-linux-x64/meta/Lua%205.4%20en-us%20utf8/package.lua
[11:48:52.566][info] [#0:script/workspace/workspace.lua:353]: Scan library at:	file:///home/marculonis/.config/bin/lua-language-server-3.7.4-linux-x64/meta/Lua%205.4%20en-us%20utf8/math.lua
[11:48:52.566][info] [#0:script/workspace/workspace.lua:353]: Scan library at:	file:///home/marculonis/.config/bin/lua-language-server-3.7.4-linux-x64/meta/Lua%205.4%20en-us%20utf8/debug.lua
[11:48:52.566][info] [#0:script/workspace/workspace.lua:353]: Scan library at:	file:///home/marculonis/.config/bin/lua-language-server-3.7.4-linux-x64/meta/Lua%205.4%20en-us%20utf8/builtin.lua
[11:48:52.566][info] [#0:script/workspace/workspace.lua:353]: Scan library at:	file:///home/marculonis/.config/bin/lua-language-server-3.7.4-linux-x64/meta/Lua%205.4%20en-us%20utf8/io.lua
[11:48:52.566][info] [#0:script/workspace/workspace.lua:353]: Scan library at:	file:///home/marculonis/.config/bin/lua-language-server-3.7.4-linux-x64/meta/Lua%205.4%20en-us%20utf8/string.lua
[11:48:52.567][info] [#0:script/workspace/workspace.lua:353]: Scan library at:	file:///home/marculonis/.config/bin/lua-language-server-3.7.4-linux-x64/meta/Lua%205.4%20en-us%20utf8/utf8.lua
[11:48:52.567][info] [#0:script/workspace/workspace.lua:353]: Scan library at:	file:///home/marculonis/.config/bin/lua-language-server-3.7.4-linux-x64/meta/Lua%205.4%20en-us%20utf8/os.lua
[11:48:52.567][info] [#0:script/workspace/workspace.lua:353]: Scan library at:	file:///home/marculonis/.config/bin/lua-language-server-3.7.4-linux-x64/meta/Lua%205.4%20en-us%20utf8/basic.lua
[11:48:52.567][info] [#0:script/workspace/workspace.lua:353]: Scan library at:	file:///home/marculonis/.config/bin/lua-language-server-3.7.4-linux-x64/meta/Lua%205.4%20en-us%20utf8/table.lua
[11:48:52.667][info] [#0:script/workspace/workspace.lua:379]: Found 150 files at:	<fallback>
[11:48:52.667][info] [#0:script/workspace/loading.lua:161]: Load files from disk:	<fallback>
[11:48:52.667][info] [#0:script/workspace/workspace.lua:379]: Found 165 files at:	file:///home/marculonis/.config/nvim
[11:48:52.667][info] [#0:script/workspace/loading.lua:161]: Load files from disk:	file:///home/marculonis/.config/nvim
[11:48:52.671][info] [#0:script/workspace/loading.lua:101]: Preload file at: file:///home/marculonis/.config/bin/lua-language-server-3.7.4-linux-x64/meta/Lua%205.4%20en-us%20utf8/table.lua , size = 4.230 KB
[11:48:52.682][info] [#0:script/workspace/loading.lua:113]: ++++As library of:	file:///home/marculonis/.config/bin/lua-language-server-3.7.4-linux-x64/meta/Lua%205.4%20en-us%20utf8/table.lua
[11:48:52.682][info] [#0:script/workspace/loading.lua:98]: Skip loaded file: file:///home/marculonis/.config/bin/lua-language-server-3.7.4-linux-x64/meta/Lua%205.4%20en-us%20utf8/table.lua
[11:48:52.683][info] [#0:script/workspace/loading.lua:101]: Preload file at: file:///home/marculonis/.config/bin/lua-language-server-3.7.4-linux-x64/meta/Lua%205.4%20en-us%20utf8/basic.lua , size = 15.377 KB
[11:48:52.709][info] [#0:script/workspace/loading.lua:113]: ++++As library of:	file:///home/marculonis/.config/bin/lua-language-server-3.7.4-linux-x64/meta/Lua%205.4%20en-us%20utf8/basic.lua
[11:48:52.709][info] [#0:script/workspace/loading.lua:101]: Preload file at: file:///home/marculonis/.config/bin/lua-language-server-3.7.4-linux-x64/meta/Lua%205.4%20en-us%20utf8/os.lua , size = 5.600 KB
[11:48:52.716][info] [#0:script/workspace/loading.lua:113]: ++++As library of:	file:///home/marculonis/.config/bin/lua-language-server-3.7.4-linux-x64/meta/Lua%205.4%20en-us%20utf8/os.lua
[11:48:52.716][info] [#0:script/workspace/loading.lua:98]: Skip loaded file: file:///home/marculonis/.config/bin/lua-language-server-3.7.4-linux-x64/meta/Lua%205.4%20en-us%20utf8/basic.lua
[11:48:52.716][info] [#0:script/workspace/loading.lua:101]: Preload file at: file:///home/marculonis/.config/bin/lua-language-server-3.7.4-linux-x64/meta/Lua%205.4%20en-us%20utf8/utf8.lua , size = 2.386 KB
[11:48:52.719][info] [#0:script/workspace/loading.lua:113]: ++++As library of:	file:///home/marculonis/.config/bin/lua-language-server-3.7.4-linux-x64/meta/Lua%205.4%20en-us%20utf8/utf8.lua
[11:48:52.719][info] [#0:script/workspace/loading.lua:98]: Skip loaded file: file:///home/marculonis/.config/bin/lua-language-server-3.7.4-linux-x64/meta/Lua%205.4%20en-us%20utf8/os.lua
[11:48:52.719][info] [#0:script/workspace/loading.lua:98]: Skip loaded file: file:///home/marculonis/.config/bin/lua-language-server-3.7.4-linux-x64/meta/Lua%205.4%20en-us%20utf8/utf8.lua
[11:48:52.719][info] [#0:script/workspace/loading.lua:101]: Preload file at: file:///home/marculonis/.config/bin/lua-language-server-3.7.4-linux-x64/meta/Lua%205.4%20en-us%20utf8/string.lua , size = 6.341 KB
[11:48:52.724][info] [#0:script/workspace/loading.lua:113]: ++++As library of:	file:///home/marculonis/.config/bin/lua-language-server-3.7.4-linux-x64/meta/Lua%205.4%20en-us%20utf8/string.lua
[11:48:52.724][info] [#0:script/workspace/loading.lua:98]: Skip loaded file: file:///home/marculonis/.config/bin/lua-language-server-3.7.4-linux-x64/meta/Lua%205.4%20en-us%20utf8/string.lua
[11:48:52.724][info] [#0:script/workspace/loading.lua:101]: Preload file at: file:///home/marculonis/.config/bin/lua-language-server-3.7.4-linux-x64/meta/Lua%205.4%20en-us%20utf8/io.lua , size = 6.364 KB
[11:48:52.729][info] [#0:script/workspace/loading.lua:113]: ++++As library of:	file:///home/marculonis/.config/bin/lua-language-server-3.7.4-linux-x64/meta/Lua%205.4%20en-us%20utf8/io.lua
[11:48:52.729][info] [#0:script/workspace/loading.lua:101]: Preload file at: file:///home/marculonis/.config/bin/lua-language-server-3.7.4-linux-x64/meta/Lua%205.4%20en-us%20utf8/builtin.lua , size = 0.302 KB
[11:48:52.730][info] [#0:script/workspace/loading.lua:113]: ++++As library of:	file:///home/marculonis/.config/bin/lua-language-server-3.7.4-linux-x64/meta/Lua%205.4%20en-us%20utf8/builtin.lua
[11:48:52.730][info] [#0:script/workspace/loading.lua:98]: Skip loaded file: file:///home/marculonis/.config/bin/lua-language-server-3.7.4-linux-x64/meta/Lua%205.4%20en-us%20utf8/builtin.lua
[11:48:52.730][info] [#0:script/workspace/loading.lua:98]: Skip loaded file: file:///home/marculonis/.config/bin/lua-language-server-3.7.4-linux-x64/meta/Lua%205.4%20en-us%20utf8/io.lua
[11:48:52.730][info] [#0:script/workspace/loading.lua:101]: Preload file at: file:///home/marculonis/.config/bin/lua-language-server-3.7.4-linux-x64/meta/Lua%205.4%20en-us%20utf8/debug.lua , size = 7.637 KB
[11:48:52.734][info] [#0:script/workspace/loading.lua:113]: ++++As library of:	file:///home/marculonis/.config/bin/lua-language-server-3.7.4-linux-x64/meta/Lua%205.4%20en-us%20utf8/debug.lua
[11:48:52.734][info] [#0:script/workspace/loading.lua:98]: Skip loaded file: file:///home/marculonis/.config/bin/lua-language-server-3.7.4-linux-x64/meta/Lua%205.4%20en-us%20utf8/debug.lua
[11:48:52.734][info] [#0:script/workspace/loading.lua:101]: Preload file at: file:///home/marculonis/.config/bin/lua-language-server-3.7.4-linux-x64/meta/Lua%205.4%20en-us%20utf8/math.lua , size = 8.509 KB
[11:48:52.737][info] [#0:script/workspace/loading.lua:113]: ++++As library of:	file:///home/marculonis/.config/bin/lua-language-server-3.7.4-linux-x64/meta/Lua%205.4%20en-us%20utf8/math.lua
[11:48:52.737][info] [#0:script/workspace/loading.lua:101]: Preload file at: file:///home/marculonis/.config/bin/lua-language-server-3.7.4-linux-x64/meta/Lua%205.4%20en-us%20utf8/package.lua , size = 2.944 KB
[11:48:52.739][info] [#0:script/workspace/loading.lua:113]: ++++As library of:	file:///home/marculonis/.config/bin/lua-language-server-3.7.4-linux-x64/meta/Lua%205.4%20en-us%20utf8/package.lua
[11:48:52.739][info] [#0:script/workspace/loading.lua:98]: Skip loaded file: file:///home/marculonis/.config/bin/lua-language-server-3.7.4-linux-x64/meta/Lua%205.4%20en-us%20utf8/math.lua
[11:48:52.739][info] [#0:script/workspace/loading.lua:98]: Skip loaded file: file:///home/marculonis/.config/bin/lua-language-server-3.7.4-linux-x64/meta/Lua%205.4%20en-us%20utf8/package.lua
[11:48:52.739][info] [#0:script/workspace/loading.lua:101]: Preload file at: file:///usr/share/nvim/runtime/indent/query.lua , size = 0.134 KB
[11:48:52.739][info] [#0:script/workspace/loading.lua:113]: ++++As library of:	file:///usr/share/nvim/runtime
[11:48:52.739][info] [#0:script/workspace/loading.lua:98]: Skip loaded file: file:///usr/share/nvim/runtime/indent/query.lua
[11:48:52.739][info] [#0:script/workspace/loading.lua:101]: Preload file at: file:///usr/share/nvim/runtime/pack/dist/opt/cfilter/plugin/cfilter.lua , size = 3.266 KB
[11:48:52.741][info] [#0:script/workspace/loading.lua:113]: ++++As library of:	file:///usr/share/nvim/runtime
[11:48:52.741][info] [#0:script/workspace/loading.lua:98]: Skip loaded file: file:///usr/share/nvim/runtime/pack/dist/opt/cfilter/plugin/cfilter.lua
[11:48:52.741][info] [#0:script/workspace/loading.lua:101]: Preload file at: file:///usr/share/nvim/runtime/autoload/ccomplete.lua , size = 26.407 KB
[11:48:52.756][info] [#0:script/workspace/loading.lua:113]: ++++As library of:	file:///usr/share/nvim/runtime
[11:48:52.756][info] [#0:script/workspace/loading.lua:98]: Skip loaded file: file:///usr/share/nvim/runtime/autoload/ccomplete.lua
[11:48:52.756][info] [#0:script/workspace/loading.lua:101]: Preload file at: file:///usr/share/nvim/runtime/colors/vim.lua , size = 16.986 KB
[11:48:52.763][info] [#0:script/workspace/loading.lua:113]: ++++As library of:	file:///usr/share/nvim/runtime
[11:48:52.763][info] [#0:script/workspace/loading.lua:101]: Preload file at: file:///usr/share/nvim/runtime/filetype.lua , size = 1.903 KB
[11:48:52.764][info] [#0:script/workspace/loading.lua:113]: ++++As library of:	file:///usr/share/nvim/runtime
[11:48:52.764][info] [#0:script/workspace/loading.lua:98]: Skip loaded file: file:///usr/share/nvim/runtime/filetype.lua
[11:48:52.764][info] [#0:script/workspace/loading.lua:98]: Skip loaded file: file:///usr/share/nvim/runtime/colors/vim.lua
[11:48:52.764][info] [#0:script/workspace/loading.lua:101]: Preload file at: file:///usr/share/nvim/runtime/lua/_vim9script.lua , size = 15.418 KB
[11:48:52.771][info] [#0:script/workspace/loading.lua:113]: ++++As library of:	file:///usr/share/nvim/runtime
[11:48:52.772][info] [#0:script/workspace/loading.lua:89]: Skip loaded file: file:///usr/share/nvim/runtime/lua/_vim9script.lua
[11:48:52.772][info] [#0:script/workspace/loading.lua:113]: ++++As library of:	file:///usr/share/nvim/runtime
[11:48:52.772][info] [#0:script/workspace/loading.lua:101]: Preload file at: file:///usr/share/nvim/runtime/lua/coxpcall.lua , size = 3.451 KB
[11:48:52.774][info] [#0:script/workspace/loading.lua:113]: ++++As library of:	file:///usr/share/nvim/runtime
[11:48:52.774][info] [#0:script/workspace/loading.lua:98]: Skip loaded file: file:///usr/share/nvim/runtime/lua/coxpcall.lua
[11:48:52.774][info] [#0:script/workspace/loading.lua:101]: Preload file at: file:///usr/share/nvim/runtime/lua/jit/dis_mips64el.lua , size = 0.700 KB
[11:48:52.774][info] [#0:script/workspace/loading.lua:113]: ++++As library of:	file:///usr/share/nvim/runtime
[11:48:52.774][info] [#0:script/workspace/loading.lua:98]: Skip loaded file: file:///usr/share/nvim/runtime/lua/jit/dis_mips64el.lua
[11:48:52.774][info] [#0:script/workspace/loading.lua:101]: Preload file at: file:///usr/share/nvim/runtime/lua/jit/dis_x86.lua , size = 33.033 KB
[11:48:52.794][info] [#0:script/workspace/loading.lua:113]: ++++As library of:	file:///usr/share/nvim/runtime
[11:48:52.794][info] [#0:script/workspace/loading.lua:98]: Skip loaded file: file:///usr/share/nvim/runtime/lua/jit/dis_x86.lua
[11:48:52.794][info] [#0:script/workspace/loading.lua:101]: Preload file at: file:///usr/share/nvim/runtime/lua/jit/dis_x64.lua , size = 0.695 KB
[11:48:52.794][info] [#0:script/workspace/loading.lua:113]: ++++As library of:	file:///usr/share/nvim/runtime
[11:48:52.794][info] [#0:script/workspace/loading.lua:98]: Skip loaded file: file:///usr/share/nvim/runtime/lua/jit/dis_x64.lua
[11:48:52.794][info] [#0:script/workspace/loading.lua:101]: Preload file at: file:///usr/share/nvim/runtime/lua/jit/dis_arm64.lua , size = 29.441 KB
[11:48:52.811][info] [#0:script/workspace/loading.lua:113]: ++++As library of:	file:///usr/share/nvim/runtime
[11:48:52.811][info] [#0:script/workspace/loading.lua:98]: Skip loaded file: file:///usr/share/nvim/runtime/lua/jit/dis_arm64.lua
[11:48:52.811][info] [#0:script/workspace/loading.lua:101]: Preload file at: file:///usr/share/nvim/runtime/lua/jit/p.lua , size = 8.891 KB
[11:48:52.816][info] [#0:script/workspace/loading.lua:113]: ++++As library of:	file:///usr/share/nvim/runtime
[11:48:52.816][info] [#0:script/workspace/loading.lua:98]: Skip loaded file: file:///usr/share/nvim/runtime/lua/jit/p.lua
[11:48:52.816][info] [#0:script/workspace/loading.lua:101]: Preload file at: file:///usr/share/nvim/runtime/lua/jit/dis_mips64.lua , size = 0.689 KB
[11:48:52.816][info] [#0:script/workspace/loading.lua:113]: ++++As library of:	file:///usr/share/nvim/runtime
[11:48:52.816][info] [#0:script/workspace/loading.lua:98]: Skip loaded file: file:///usr/share/nvim/runtime/lua/jit/dis_mips64.lua
[11:48:52.816][info] [#0:script/workspace/loading.lua:101]: Preload file at: file:///usr/share/nvim/runtime/lua/jit/v.lua , size = 5.731 KB
[11:48:52.819][info] [#0:script/workspace/loading.lua:113]: ++++As library of:	file:///usr/share/nvim/runtime
[11:48:52.819][info] [#0:script/workspace/loading.lua:98]: Skip loaded file: file:///usr/share/nvim/runtime/lua/jit/v.lua
[11:48:52.819][info] [#0:script/workspace/loading.lua:101]: Preload file at: file:///usr/share/nvim/runtime/lua/jit/dis_mips64r6el.lua , size = 0.711 KB
[11:48:52.820][info] [#0:script/workspace/loading.lua:113]: ++++As library of:	file:///usr/share/nvim/runtime
[11:48:52.820][info] [#0:script/workspace/loading.lua:98]: Skip loaded file: file:///usr/share/nvim/runtime/lua/jit/dis_mips64r6el.lua
[11:48:52.820][info] [#0:script/workspace/loading.lua:101]: Preload file at: file:///usr/share/nvim/runtime/lua/jit/dis_arm64be.lua , size = 0.604 KB
[11:48:52.820][info] [#0:script/workspace/loading.lua:113]: ++++As library of:	file:///usr/share/nvim/runtime
[11:48:52.820][info] [#0:script/workspace/loading.lua:98]: Skip loaded file: file:///usr/share/nvim/runtime/lua/jit/dis_arm64be.lua
[11:48:52.820][info] [#0:script/workspace/loading.lua:101]: Preload file at: file:///usr/share/nvim/runtime/lua/jit/dis_mips64r6.lua , size = 0.700 KB
[11:48:52.821][info] [#0:script/workspace/loading.lua:113]: ++++As library of:	file:///usr/share/nvim/runtime
[11:48:52.821][info] [#0:script/workspace/loading.lua:98]: Skip loaded file: file:///usr/share/nvim/runtime/lua/jit/dis_mips64r6.lua
[11:48:52.821][info] [#0:script/workspace/loading.lua:101]: Preload file at: file:///usr/share/nvim/runtime/lua/jit/dump.lua , size = 20.269 KB
[11:48:52.840][info] [#0:script/workspace/loading.lua:113]: ++++As library of:	file:///usr/share/nvim/runtime
[11:48:52.840][info] [#0:script/workspace/loading.lua:98]: Skip loaded file: file:///usr/share/nvim/runtime/lua/jit/dump.lua
[11:48:52.840][info] [#0:script/workspace/loading.lua:101]: Preload file at: file:///usr/share/nvim/runtime/lua/jit/bc.lua , size = 5.417 KB
[11:48:52.843][info] [#0:script/workspace/loading.lua:113]: ++++As library of:	file:///usr/share/nvim/runtime
[11:48:52.843][info] [#0:script/workspace/loading.lua:98]: Skip loaded file: file:///usr/share/nvim/runtime/lua/jit/bc.lua
[11:48:52.843][info] [#0:script/workspace/loading.lua:101]: Preload file at: file:///usr/share/nvim/runtime/lua/jit/dis_arm.lua , size = 18.891 KB
[11:48:52.855][info] [#0:script/workspace/loading.lua:113]: ++++As library of:	file:///usr/share/nvim/runtime
[11:48:52.855][info] [#0:script/workspace/loading.lua:98]: Skip loaded file: file:///usr/share/nvim/runtime/lua/jit/dis_arm.lua
[11:48:52.855][info] [#0:script/workspace/loading.lua:101]: Preload file at: file:///usr/share/nvim/runtime/lua/jit/vmdef.lua , size = 7.920 KB
[11:48:52.859][info] [#0:script/workspace/loading.lua:113]: ++++As library of:	file:///usr/share/nvim/runtime
[11:48:52.859][info] [#0:script/workspace/loading.lua:98]: Skip loaded file: file:///usr/share/nvim/runtime/lua/jit/vmdef.lua
[11:48:52.859][info] [#0:script/workspace/loading.lua:101]: Preload file at: file:///usr/share/nvim/runtime/lua/jit/zone.lua , size = 0.979 KB
[11:48:52.860][info] [#0:script/workspace/loading.lua:113]: ++++As library of:	file:///usr/share/nvim/runtime
[11:48:52.860][info] [#0:script/workspace/loading.lua:98]: Skip loaded file: file:///usr/share/nvim/runtime/lua/jit/zone.lua
[11:48:52.860][info] [#0:script/workspace/loading.lua:101]: Preload file at: file:///usr/share/nvim/runtime/lua/jit/dis_ppc.lua , size = 19.825 KB
[11:48:52.870][info] [#0:script/workspace/loading.lua:113]: ++++As library of:	file:///usr/share/nvim/runtime
[11:48:52.870][info] [#0:script/workspace/loading.lua:98]: Skip loaded file: file:///usr/share/nvim/runtime/lua/jit/dis_ppc.lua
[11:48:52.870][info] [#0:script/workspace/loading.lua:101]: Preload file at: file:///usr/share/nvim/runtime/lua/jit/dis_mipsel.lua , size = 0.698 KB
[11:48:52.870][info] [#0:script/workspace/loading.lua:113]: ++++As library of:	file:///usr/share/nvim/runtime
[11:48:52.870][info] [#0:script/workspace/loading.lua:98]: Skip loaded file: file:///usr/share/nvim/runtime/lua/jit/dis_mipsel.lua
[11:48:52.870][info] [#0:script/workspace/loading.lua:101]: Preload file at: file:///usr/share/nvim/runtime/lua/jit/dis_mips.lua , size = 21.494 KB
[11:48:52.882][info] [#0:script/workspace/loading.lua:113]: ++++As library of:	file:///usr/share/nvim/runtime
[11:48:52.882][info] [#0:script/workspace/loading.lua:98]: Skip loaded file: file:///usr/share/nvim/runtime/lua/jit/dis_mips.lua
[11:48:52.882][info] [#0:script/workspace/loading.lua:101]: Preload file at: file:///usr/share/nvim/runtime/lua/jit/bcsave.lua , size = 17.091 KB
[11:48:52.891][info] [#0:script/workspace/loading.lua:113]: ++++As library of:	file:///usr/share/nvim/runtime
[11:48:52.892][info] [#0:script/workspace/loading.lua:98]: Skip loaded file: file:///usr/share/nvim/runtime/lua/jit/bcsave.lua
[11:48:52.892][info] [#0:script/workspace/loading.lua:101]: Preload file at: file:///usr/share/nvim/runtime/lua/editorconfig.lua , size = 10.443 KB
[11:48:52.897][info] [#0:script/workspace/loading.lua:113]: ++++As library of:	file:///usr/share/nvim/runtime
[11:48:52.897][info] [#0:script/workspace/loading.lua:98]: Skip loaded file: file:///usr/share/nvim/runtime/lua/editorconfig.lua
[11:48:52.899][info] [#0:script/workspace/loading.lua:89]: Skip loaded file: file:///home/marculonis/.config/nvim/lua/marculonis/packer.lua
[11:48:53.000][info] [#0:script/workspace/loading.lua:101]: Preload file at: file:///usr/share/nvim/runtime/lua/tohtml.lua , size = 41.169 KB
[11:48:53.074][info] [#0:script/workspace/loading.lua:113]: ++++As library of:	file:///usr/share/nvim/runtime
[11:48:53.074][info] [#0:script/workspace/loading.lua:98]: Skip loaded file: file:///usr/share/nvim/runtime/lua/tohtml.lua
[11:48:53.074][info] [#0:script/workspace/loading.lua:101]: Preload file at: file:///usr/share/nvim/runtime/lua/provider/perl/health.lua , size = 2.752 KB
[11:48:53.075][info] [#0:script/workspace/loading.lua:113]: ++++As library of:	file:///usr/share/nvim/runtime
[11:48:53.075][info] [#0:script/workspace/loading.lua:98]: Skip loaded file: file:///usr/share/nvim/runtime/lua/provider/perl/health.lua
[11:48:53.075][info] [#0:script/workspace/loading.lua:101]: Preload file at: file:///usr/share/nvim/runtime/lua/provider/python/health.lua , size = 16.124 KB
[11:48:53.081][info] [#0:script/workspace/loading.lua:113]: ++++As library of:	file:///usr/share/nvim/runtime
[11:48:53.082][info] [#0:script/workspace/loading.lua:98]: Skip loaded file: file:///usr/share/nvim/runtime/lua/provider/python/health.lua
[11:48:53.082][info] [#0:script/workspace/loading.lua:101]: Preload file at: file:///usr/share/nvim/runtime/lua/provider/clipboard/health.lua , size = 1.151 KB
[11:48:53.082][info] [#0:script/workspace/loading.lua:113]: ++++As library of:	file:///usr/share/nvim/runtime
[11:48:53.082][info] [#0:script/workspace/loading.lua:98]: Skip loaded file: file:///usr/share/nvim/runtime/lua/provider/clipboard/health.lua
[11:48:53.082][info] [#0:script/workspace/loading.lua:101]: Preload file at: file:///usr/share/nvim/runtime/lua/provider/ruby/health.lua , size = 2.256 KB
[11:48:53.083][info] [#0:script/workspace/loading.lua:113]: ++++As library of:	file:///usr/share/nvim/runtime
[11:48:53.083][info] [#0:script/workspace/loading.lua:98]: Skip loaded file: file:///usr/share/nvim/runtime/lua/provider/ruby/health.lua
[11:48:53.083][info] [#0:script/workspace/loading.lua:101]: Preload file at: file:///usr/share/nvim/runtime/lua/provider/node/health.lua , size = 3.375 KB
[11:48:53.085][info] [#0:script/workspace/loading.lua:113]: ++++As library of:	file:///usr/share/nvim/runtime
[11:48:53.085][info] [#0:script/workspace/loading.lua:98]: Skip loaded file: file:///usr/share/nvim/runtime/lua/provider/node/health.lua
[11:48:53.085][info] [#0:script/workspace/loading.lua:101]: Preload file at: file:///usr/share/nvim/runtime/lua/man.lua , size = 23.552 KB
[11:48:53.095][info] [#0:script/workspace/loading.lua:113]: ++++As library of:	file:///usr/share/nvim/runtime
[11:48:53.095][info] [#0:script/workspace/loading.lua:98]: Skip loaded file: file:///usr/share/nvim/runtime/lua/man.lua
[11:48:53.096][info] [#0:script/workspace/loading.lua:101]: Preload file at: file:///usr/share/nvim/runtime/lua/nvim/health.lua , size = 12.500 KB
[11:48:53.101][info] [#0:script/workspace/loading.lua:113]: ++++As library of:	file:///usr/share/nvim/runtime
[11:48:53.101][info] [#0:script/workspace/loading.lua:98]: Skip loaded file: file:///usr/share/nvim/runtime/lua/nvim/health.lua
[11:48:53.101][info] [#0:script/workspace/loading.lua:101]: Preload file at: file:///usr/share/nvim/runtime/lua/vim/func/_memoize.lua , size = 1.354 KB
[11:48:53.102][info] [#0:script/workspace/loading.lua:113]: ++++As library of:	file:///usr/share/nvim/runtime
[11:48:53.102][info] [#0:script/workspace/loading.lua:98]: Skip loaded file: file:///usr/share/nvim/runtime/lua/vim/func/_memoize.lua
[11:48:53.102][info] [#0:script/workspace/loading.lua:101]: Preload file at: file:///usr/share/nvim/runtime/lua/vim/_editor.lua , size = 34.328 KB
[11:48:53.119][info] [#0:script/workspace/loading.lua:113]: ++++As library of:	file:///usr/share/nvim/runtime
[11:48:53.119][info] [#0:script/workspace/loading.lua:98]: Skip loaded file: file:///usr/share/nvim/runtime/lua/vim/_editor.lua
[11:48:53.119][info] [#0:script/workspace/loading.lua:101]: Preload file at: file:///usr/share/nvim/runtime/lua/vim/secure.lua , size = 5.018 KB
[11:48:53.122][info] [#0:script/workspace/loading.lua:113]: ++++As library of:	file:///usr/share/nvim/runtime
[11:48:53.122][info] [#0:script/workspace/loading.lua:98]: Skip loaded file: file:///usr/share/nvim/runtime/lua/vim/secure.lua
[11:48:53.122][info] [#0:script/workspace/loading.lua:101]: Preload file at: file:///usr/share/nvim/runtime/lua/vim/treesitter.lua , size = 14.036 KB
[11:48:53.128][info] [#0:script/workspace/loading.lua:113]: ++++As library of:	file:///usr/share/nvim/runtime
[11:48:53.128][info] [#0:script/workspace/loading.lua:98]: Skip loaded file: file:///usr/share/nvim/runtime/lua/vim/treesitter.lua
[11:48:53.128][info] [#0:script/workspace/loading.lua:101]: Preload file at: file:///usr/share/nvim/runtime/lua/vim/shared.lua , size = 29.331 KB
[11:48:53.143][info] [#0:script/workspace/loading.lua:113]: ++++As library of:	file:///usr/share/nvim/runtime
[11:48:53.144][info] [#0:script/workspace/loading.lua:98]: Skip loaded file: file:///usr/share/nvim/runtime/lua/vim/shared.lua
[11:48:53.144][info] [#0:script/workspace/loading.lua:101]: Preload file at: file:///usr/share/nvim/runtime/lua/vim/iter.lua , size = 25.504 KB
[11:48:53.157][info] [#0:script/workspace/loading.lua:113]: ++++As library of:	file:///usr/share/nvim/runtime
[11:48:53.157][info] [#0:script/workspace/loading.lua:98]: Skip loaded file: file:///usr/share/nvim/runtime/lua/vim/iter.lua
[11:48:53.157][info] [#0:script/workspace/loading.lua:101]: Preload file at: file:///usr/share/nvim/runtime/lua/vim/vimhelp.lua , size = 0.967 KB
[11:48:53.158][info] [#0:script/workspace/loading.lua:113]: ++++As library of:	file:///usr/share/nvim/runtime
[11:48:53.158][info] [#0:script/workspace/loading.lua:98]: Skip loaded file: file:///usr/share/nvim/runtime/lua/vim/vimhelp.lua
[11:48:53.158][info] [#0:script/workspace/loading.lua:101]: Preload file at: file:///usr/share/nvim/runtime/lua/vim/glob.lua , size = 3.001 KB
[11:48:53.160][info] [#0:script/workspace/loading.lua:113]: ++++As library of:	file:///usr/share/nvim/runtime
[11:48:53.160][info] [#0:script/workspace/loading.lua:98]: Skip loaded file: file:///usr/share/nvim/runtime/lua/vim/glob.lua
[11:48:53.160][info] [#0:script/workspace/loading.lua:101]: Preload file at: file:///usr/share/nvim/runtime/lua/vim/loader.lua , size = 15.837 KB
[11:48:53.190][info] [#0:script/workspace/loading.lua:113]: ++++As library of:	file:///usr/share/nvim/runtime
[11:48:53.191][info] [#0:script/workspace/loading.lua:98]: Skip loaded file: file:///usr/share/nvim/runtime/lua/vim/loader.lua
[11:48:53.191][info] [#0:script/workspace/loading.lua:101]: Preload file at: file:///usr/share/nvim/runtime/lua/vim/_init_packages.lua , size = 3.023 KB
[11:48:53.192][info] [#0:script/workspace/loading.lua:113]: ++++As library of:	file:///usr/share/nvim/runtime
[11:48:53.192][info] [#0:script/workspace/loading.lua:98]: Skip loaded file: file:///usr/share/nvim/runtime/lua/vim/_init_packages.lua
[11:48:53.192][info] [#0:script/workspace/loading.lua:101]: Preload file at: file:///usr/share/nvim/runtime/lua/vim/health.lua , size = 12.644 KB
[11:48:53.200][info] [#0:script/workspace/loading.lua:113]: ++++As library of:	file:///usr/share/nvim/runtime
[11:48:53.200][info] [#0:script/workspace/loading.lua:98]: Skip loaded file: file:///usr/share/nvim/runtime/lua/vim/health.lua
[11:48:53.200][info] [#0:script/workspace/loading.lua:101]: Preload file at: file:///usr/share/nvim/runtime/lua/vim/re.lua , size = 6.495 KB
[11:48:53.204][info] [#0:script/workspace/loading.lua:113]: ++++As library of:	file:///usr/share/nvim/runtime
[11:48:53.204][info] [#0:script/workspace/loading.lua:98]: Skip loaded file: file:///usr/share/nvim/runtime/lua/vim/re.lua
[11:48:53.204][info] [#0:script/workspace/loading.lua:101]: Preload file at: file:///usr/share/nvim/runtime/lua/vim/diagnostic.lua , size = 69.062 KB
[11:48:53.240][info] [#0:script/workspace/loading.lua:113]: ++++As library of:	file:///usr/share/nvim/runtime
[11:48:53.240][info] [#0:script/workspace/loading.lua:98]: Skip loaded file: file:///usr/share/nvim/runtime/lua/vim/diagnostic.lua
[11:48:53.241][info] [#0:script/workspace/loading.lua:101]: Preload file at: file:///usr/share/nvim/runtime/lua/vim/text.lua , size = 0.742 KB
[11:48:53.241][info] [#0:script/workspace/loading.lua:113]: ++++As library of:	file:///usr/share/nvim/runtime
[11:48:53.241][info] [#0:script/workspace/loading.lua:98]: Skip loaded file: file:///usr/share/nvim/runtime/lua/vim/text.lua
[11:48:53.241][info] [#0:script/workspace/loading.lua:101]: Preload file at: file:///usr/share/nvim/runtime/lua/vim/_watch.lua , size = 8.901 KB
[11:48:53.246][info] [#0:script/workspace/loading.lua:113]: ++++As library of:	file:///usr/share/nvim/runtime
[11:48:53.246][info] [#0:script/workspace/loading.lua:98]: Skip loaded file: file:///usr/share/nvim/runtime/lua/vim/_watch.lua
[11:48:53.246][info] [#0:script/workspace/loading.lua:101]: Preload file at: file:///usr/share/nvim/runtime/lua/vim/inspect.lua , size = 8.864 KB
[11:48:53.251][info] [#0:script/workspace/loading.lua:113]: ++++As library of:	file:///usr/share/nvim/runtime
[11:48:53.251][info] [#0:script/workspace/loading.lua:98]: Skip loaded file: file:///usr/share/nvim/runtime/lua/vim/inspect.lua
[11:48:53.251][info] [#0:script/workspace/loading.lua:101]: Preload file at: file:///usr/share/nvim/runtime/lua/vim/snippet.lua , size = 19.870 KB
[11:48:53.264][info] [#0:script/workspace/loading.lua:113]: ++++As library of:	file:///usr/share/nvim/runtime
[11:48:53.264][info] [#0:script/workspace/loading.lua:98]: Skip loaded file: file:///usr/share/nvim/runtime/lua/vim/snippet.lua
[11:48:53.264][info] [#0:script/workspace/loading.lua:101]: Preload file at: file:///usr/share/nvim/runtime/lua/vim/ui/clipboard/osc52.lua , size = 2.137 KB
[11:48:53.267][info] [#0:script/workspace/loading.lua:113]: ++++As library of:	file:///usr/share/nvim/runtime
[11:48:53.267][info] [#0:script/workspace/loading.lua:98]: Skip loaded file: file:///usr/share/nvim/runtime/lua/vim/ui/clipboard/osc52.lua
[11:48:53.267][info] [#0:script/workspace/loading.lua:101]: Preload file at: file:///usr/share/nvim/runtime/lua/vim/_inspector.lua , size = 7.494 KB
[11:48:53.271][info] [#0:script/workspace/loading.lua:113]: ++++As library of:	file:///usr/share/nvim/runtime
[11:48:53.271][info] [#0:script/workspace/loading.lua:98]: Skip loaded file: file:///usr/share/nvim/runtime/lua/vim/_inspector.lua
[11:48:53.271][info] [#0:script/workspace/loading.lua:101]: Preload file at: file:///usr/share/nvim/runtime/lua/vim/_defaults.lua , size = 18.338 KB
[11:48:53.279][info] [#0:script/workspace/loading.lua:113]: ++++As library of:	file:///usr/share/nvim/runtime
[11:48:53.279][info] [#0:script/workspace/loading.lua:98]: Skip loaded file: file:///usr/share/nvim/runtime/lua/vim/_defaults.lua
[11:48:53.279][info] [#0:script/workspace/loading.lua:101]: Preload file at: file:///usr/share/nvim/runtime/lua/vim/_meta.lua , size = 0.977 KB
[11:48:53.280][info] [#0:script/workspace/loading.lua:113]: ++++As library of:	file:///usr/share/nvim/runtime
[11:48:53.280][info] [#0:script/workspace/loading.lua:98]: Skip loaded file: file:///usr/share/nvim/runtime/lua/vim/_meta.lua
[11:48:53.280][info] [#0:script/workspace/loading.lua:101]: Preload file at: file:///usr/share/nvim/runtime/lua/vim/_comment.lua , size = 8.915 KB
[11:48:53.285][info] [#0:script/workspace/loading.lua:113]: ++++As library of:	file:///usr/share/nvim/runtime
[11:48:53.285][info] [#0:script/workspace/loading.lua:98]: Skip loaded file: file:///usr/share/nvim/runtime/lua/vim/_comment.lua
[11:48:53.285][info] [#0:script/workspace/loading.lua:101]: Preload file at: file:///usr/share/nvim/runtime/lua/vim/_options.lua , size = 25.519 KB
[11:48:53.296][info] [#0:script/workspace/loading.lua:113]: ++++As library of:	file:///usr/share/nvim/runtime
[11:48:53.296][info] [#0:script/workspace/loading.lua:98]: Skip loaded file: file:///usr/share/nvim/runtime/lua/vim/_options.lua
[11:48:53.296][info] [#0:script/workspace/loading.lua:101]: Preload file at: file:///usr/share/nvim/runtime/lua/vim/filetype.lua , size = 68.546 KB
[11:48:53.329][info] [#0:script/workspace/loading.lua:113]: ++++As library of:	file:///usr/share/nvim/runtime
[11:48:53.329][info] [#0:script/workspace/loading.lua:98]: Skip loaded file: file:///usr/share/nvim/runtime/lua/vim/filetype.lua
[11:48:53.329][info] [#0:script/workspace/loading.lua:101]: Preload file at: file:///usr/share/nvim/runtime/lua/vim/ui.lua , size = 5.294 KB
[11:48:53.331][info] [#0:script/workspace/loading.lua:113]: ++++As library of:	file:///usr/share/nvim/runtime
[11:48:53.331][info] [#0:script/workspace/loading.lua:98]: Skip loaded file: file:///usr/share/nvim/runtime/lua/vim/ui.lua
[11:48:53.331][info] [#0:script/workspace/loading.lua:101]: Preload file at: file:///usr/share/nvim/runtime/lua/vim/provider.lua , size = 0.197 KB
[11:48:53.332][info] [#0:script/workspace/loading.lua:113]: ++++As library of:	file:///usr/share/nvim/runtime
[11:48:53.332][info] [#0:script/workspace/loading.lua:98]: Skip loaded file: file:///usr/share/nvim/runtime/lua/vim/provider.lua
[11:48:53.332][info] [#0:script/workspace/loading.lua:101]: Preload file at: file:///usr/share/nvim/runtime/lua/vim/F.lua , size = 1.076 KB
[11:48:53.333][info] [#0:script/workspace/loading.lua:113]: ++++As library of:	file:///usr/share/nvim/runtime
[11:48:53.333][info] [#0:script/workspace/loading.lua:98]: Skip loaded file: file:///usr/share/nvim/runtime/lua/vim/F.lua
[11:48:53.333][info] [#0:script/workspace/loading.lua:101]: Preload file at: file:///usr/share/nvim/runtime/lua/vim/uri.lua , size = 3.569 KB
[11:48:53.335][info] [#0:script/workspace/loading.lua:113]: ++++As library of:	file:///usr/share/nvim/runtime
[11:48:53.335][info] [#0:script/workspace/loading.lua:98]: Skip loaded file: file:///usr/share/nvim/runtime/lua/vim/uri.lua
[11:48:53.335][info] [#0:script/workspace/loading.lua:101]: Preload file at: file:///usr/share/nvim/runtime/lua/vim/provider/python.lua , size = 4.224 KB
[11:48:53.338][info] [#0:script/workspace/loading.lua:113]: ++++As library of:	file:///usr/share/nvim/runtime
[11:48:53.338][info] [#0:script/workspace/loading.lua:98]: Skip loaded file: file:///usr/share/nvim/runtime/lua/vim/provider/python.lua
[11:48:53.338][info] [#0:script/workspace/loading.lua:101]: Preload file at: file:///usr/share/nvim/runtime/lua/vim/provider/ruby.lua , size = 1.563 KB
[11:48:53.339][info] [#0:script/workspace/loading.lua:113]: ++++As library of:	file:///usr/share/nvim/runtime
[11:48:53.339][info] [#0:script/workspace/loading.lua:98]: Skip loaded file: file:///usr/share/nvim/runtime/lua/vim/provider/ruby.lua
[11:48:53.339][info] [#0:script/workspace/loading.lua:101]: Preload file at: file:///usr/share/nvim/runtime/lua/vim/provider/perl.lua , size = 1.998 KB
[11:48:53.340][info] [#0:script/workspace/loading.lua:113]: ++++As library of:	file:///usr/share/nvim/runtime
[11:48:53.341][info] [#0:script/workspace/loading.lua:98]: Skip loaded file: file:///usr/share/nvim/runtime/lua/vim/provider/perl.lua
[11:48:53.341][info] [#0:script/workspace/loading.lua:101]: Preload file at: file:///usr/share/nvim/runtime/lua/vim/func.lua , size = 1.753 KB
[11:48:53.341][info] [#0:script/workspace/loading.lua:113]: ++++As library of:	file:///usr/share/nvim/runtime
[11:48:53.341][info] [#0:script/workspace/loading.lua:98]: Skip loaded file: file:///usr/share/nvim/runtime/lua/vim/func.lua
[11:48:53.341][info] [#0:script/workspace/loading.lua:101]: Preload file at: file:///usr/share/nvim/runtime/lua/vim/_system.lua , size = 9.135 KB
[11:48:53.348][info] [#0:script/workspace/loading.lua:113]: ++++As library of:	file:///usr/share/nvim/runtime
[11:48:53.348][info] [#0:script/workspace/loading.lua:98]: Skip loaded file: file:///usr/share/nvim/runtime/lua/vim/_system.lua
[11:48:53.348][info] [#0:script/workspace/loading.lua:101]: Preload file at: file:///usr/share/nvim/runtime/lua/vim/termcap.lua , size = 3.103 KB
[11:48:53.350][info] [#0:script/workspace/loading.lua:113]: ++++As library of:	file:///usr/share/nvim/runtime
[11:48:53.350][info] [#0:script/workspace/loading.lua:98]: Skip loaded file: file:///usr/share/nvim/runtime/lua/vim/termcap.lua
[11:48:53.350][info] [#0:script/workspace/loading.lua:101]: Preload file at: file:///usr/share/nvim/runtime/lua/vim/filetype/detect.lua , size = 57.150 KB
[11:48:53.411][info] [#0:script/workspace/loading.lua:113]: ++++As library of:	file:///usr/share/nvim/runtime
[11:48:53.411][info] [#0:script/workspace/loading.lua:98]: Skip loaded file: file:///usr/share/nvim/runtime/lua/vim/filetype/detect.lua
[11:48:53.412][info] [#0:script/workspace/loading.lua:101]: Preload file at: file:///usr/share/nvim/runtime/lua/vim/filetype/options.lua , size = 2.559 KB
[11:48:53.413][info] [#0:script/workspace/loading.lua:113]: ++++As library of:	file:///usr/share/nvim/runtime
[11:48:53.413][info] [#0:script/workspace/loading.lua:98]: Skip loaded file: file:///usr/share/nvim/runtime/lua/vim/filetype/options.lua
[11:48:53.413][info] [#0:script/workspace/loading.lua:101]: Preload file at: file:///usr/share/nvim/runtime/lua/vim/_meta/api_keysets.lua , size = 8.292 KB
[11:48:53.419][info] [#0:script/workspace/loading.lua:113]: ++++As library of:	file:///usr/share/nvim/runtime
[11:48:53.419][info] [#0:script/workspace/loading.lua:98]: Skip loaded file: file:///usr/share/nvim/runtime/lua/vim/_meta/api_keysets.lua
[11:48:53.419][info] [#0:script/workspace/loading.lua:101]: Preload file at: file:///usr/share/nvim/runtime/lua/vim/_meta/vimfn.lua , size = 398.822 KB
[11:48:53.538][info] [#0:script/workspace/loading.lua:113]: ++++As library of:	file:///usr/share/nvim/runtime
[11:48:53.538][info] [#0:script/workspace/loading.lua:98]: Skip loaded file: file:///usr/share/nvim/runtime/lua/vim/_meta/vimfn.lua
[11:48:53.538][info] [#0:script/workspace/loading.lua:101]: Preload file at: file:///usr/share/nvim/runtime/lua/vim/_meta/regex.lua , size = 1.347 KB
[11:48:53.539][info] [#0:script/workspace/loading.lua:113]: ++++As library of:	file:///usr/share/nvim/runtime
[11:48:53.539][info] [#0:script/workspace/loading.lua:98]: Skip loaded file: file:///usr/share/nvim/runtime/lua/vim/_meta/regex.lua
[11:48:53.539][info] [#0:script/workspace/loading.lua:101]: Preload file at: file:///usr/share/nvim/runtime/lua/vim/_meta/re.lua , size = 2.217 KB
[11:48:53.540][info] [#0:script/workspace/loading.lua:113]: ++++As library of:	file:///usr/share/nvim/runtime
[11:48:53.540][info] [#0:script/workspace/loading.lua:98]: Skip loaded file: file:///usr/share/nvim/runtime/lua/vim/_meta/re.lua
[11:48:53.540][info] [#0:script/workspace/loading.lua:101]: Preload file at: file:///usr/share/nvim/runtime/lua/vim/_meta/builtin_types.lua , size = 3.362 KB
[11:48:53.543][info] [#0:script/workspace/loading.lua:113]: ++++As library of:	file:///usr/share/nvim/runtime
[11:48:53.543][info] [#0:script/workspace/loading.lua:98]: Skip loaded file: file:///usr/share/nvim/runtime/lua/vim/_meta/builtin_types.lua
[11:48:53.543][info] [#0:script/workspace/loading.lua:101]: Preload file at: file:///usr/share/nvim/runtime/lua/vim/_meta/api_keysets_extra.lua , size = 4.535 KB
[11:48:53.546][info] [#0:script/workspace/loading.lua:113]: ++++As library of:	file:///usr/share/nvim/runtime
[11:48:53.546][info] [#0:script/workspace/loading.lua:98]: Skip loaded file: file:///usr/share/nvim/runtime/lua/vim/_meta/api_keysets_extra.lua
[11:48:53.546][info] [#0:script/workspace/loading.lua:101]: Preload file at: file:///usr/share/nvim/runtime/lua/vim/_meta/api.lua , size = 97.322 KB
[11:48:53.579][info] [#0:script/workspace/loading.lua:113]: ++++As library of:	file:///usr/share/nvim/runtime
[11:48:53.579][info] [#0:script/workspace/loading.lua:98]: Skip loaded file: file:///usr/share/nvim/runtime/lua/vim/_meta/api.lua
[11:48:53.579][info] [#0:script/workspace/loading.lua:101]: Preload file at: file:///usr/share/nvim/runtime/lua/vim/_meta/diff.lua , size = 2.479 KB
[11:48:53.581][info] [#0:script/workspace/loading.lua:113]: ++++As library of:	file:///usr/share/nvim/runtime
[11:48:53.581][info] [#0:script/workspace/loading.lua:98]: Skip loaded file: file:///usr/share/nvim/runtime/lua/vim/_meta/diff.lua
[11:48:53.581][info] [#0:script/workspace/loading.lua:101]: Preload file at: file:///usr/share/nvim/runtime/lua/vim/_meta/mpack.lua , size = 0.478 KB
[11:48:53.582][info] [#0:script/workspace/loading.lua:113]: ++++As library of:	file:///usr/share/nvim/runtime
[11:48:53.582][info] [#0:script/workspace/loading.lua:98]: Skip loaded file: file:///usr/share/nvim/runtime/lua/vim/_meta/mpack.lua
[11:48:53.582][info] [#0:script/workspace/loading.lua:101]: Preload file at: file:///usr/share/nvim/runtime/lua/vim/_meta/json.lua , size = 1.359 KB
[11:48:53.583][info] [#0:script/workspace/loading.lua:113]: ++++As library of:	file:///usr/share/nvim/runtime
[11:48:53.583][info] [#0:script/workspace/loading.lua:98]: Skip loaded file: file:///usr/share/nvim/runtime/lua/vim/_meta/json.lua
[11:48:53.583][info] [#0:script/workspace/loading.lua:101]: Preload file at: file:///usr/share/nvim/runtime/lua/vim/_meta/lpeg.lua , size = 14.889 KB
[11:48:53.588][info] [#0:script/workspace/loading.lua:113]: ++++As library of:	file:///usr/share/nvim/runtime
[11:48:53.588][info] [#0:script/workspace/loading.lua:98]: Skip loaded file: file:///usr/share/nvim/runtime/lua/vim/_meta/lpeg.lua
[11:48:53.588][info] [#0:script/workspace/loading.lua:101]: Preload file at: file:///usr/share/nvim/runtime/lua/vim/_meta/vvars.lua , size = 25.272 KB
[11:48:53.633][info] [#0:script/workspace/loading.lua:113]: ++++As library of:	file:///usr/share/nvim/runtime
[11:48:53.633][info] [#0:script/workspace/loading.lua:98]: Skip loaded file: file:///usr/share/nvim/runtime/lua/vim/_meta/vvars.lua
[11:48:53.633][info] [#0:script/workspace/loading.lua:101]: Preload file at: file:///usr/share/nvim/runtime/lua/vim/_meta/builtin.lua , size = 11.183 KB
[11:48:53.636][info] [#0:script/workspace/loading.lua:113]: ++++As library of:	file:///usr/share/nvim/runtime
[11:48:53.636][info] [#0:script/workspace/loading.lua:98]: Skip loaded file: file:///usr/share/nvim/runtime/lua/vim/_meta/builtin.lua
[11:48:53.636][info] [#0:script/workspace/loading.lua:101]: Preload file at: file:///usr/share/nvim/runtime/lua/vim/_meta/options.lua , size = 323.717 KB
[11:48:53.738][info] [#0:script/workspace/loading.lua:113]: ++++As library of:	file:///usr/share/nvim/runtime
[11:48:53.738][info] [#0:script/workspace/loading.lua:98]: Skip loaded file: file:///usr/share/nvim/runtime/lua/vim/_meta/options.lua
[11:48:53.738][info] [#0:script/workspace/loading.lua:101]: Preload file at: file:///usr/share/nvim/runtime/lua/vim/_meta/spell.lua , size = 0.943 KB
[11:48:53.739][info] [#0:script/workspace/loading.lua:113]: ++++As library of:	file:///usr/share/nvim/runtime
[11:48:53.739][info] [#0:script/workspace/loading.lua:98]: Skip loaded file: file:///usr/share/nvim/runtime/lua/vim/_meta/spell.lua
[11:48:53.739][info] [#0:script/workspace/loading.lua:101]: Preload file at: file:///usr/share/nvim/runtime/lua/vim/_meta/base64.lua , size = 0.307 KB
[11:48:53.739][info] [#0:script/workspace/loading.lua:113]: ++++As library of:	file:///usr/share/nvim/runtime
[11:48:53.739][info] [#0:script/workspace/loading.lua:98]: Skip loaded file: file:///usr/share/nvim/runtime/lua/vim/_meta/base64.lua
[11:48:53.739][info] [#0:script/workspace/loading.lua:101]: Preload file at: file:///usr/share/nvim/runtime/lua/vim/_meta/misc.lua , size = 0.291 KB
[11:48:53.740][info] [#0:script/workspace/loading.lua:113]: ++++As library of:	file:///usr/share/nvim/runtime
[11:48:53.740][info] [#0:script/workspace/loading.lua:98]: Skip loaded file: file:///usr/share/nvim/runtime/lua/vim/_meta/misc.lua
[11:48:53.740][info] [#0:script/workspace/loading.lua:101]: Preload file at: file:///usr/share/nvim/runtime/lua/vim/fs.lua , size = 18.243 KB
[11:48:53.749][info] [#0:script/workspace/loading.lua:113]: ++++As library of:	file:///usr/share/nvim/runtime
[11:48:53.749][info] [#0:script/workspace/loading.lua:98]: Skip loaded file: file:///usr/share/nvim/runtime/lua/vim/fs.lua
[11:48:53.749][info] [#0:script/workspace/loading.lua:101]: Preload file at: file:///usr/share/nvim/runtime/lua/vim/lsp.lua , size = 39.931 KB
[11:48:53.768][info] [#0:script/workspace/loading.lua:113]: ++++As library of:	file:///usr/share/nvim/runtime
[11:48:53.768][info] [#0:script/workspace/loading.lua:98]: Skip loaded file: file:///usr/share/nvim/runtime/lua/vim/lsp.lua
[11:48:53.768][info] [#0:script/workspace/loading.lua:101]: Preload file at: file:///usr/share/nvim/runtime/lua/vim/highlight.lua , size = 4.526 KB
[11:48:53.770][info] [#0:script/workspace/loading.lua:113]: ++++As library of:	file:///usr/share/nvim/runtime
[11:48:53.770][info] [#0:script/workspace/loading.lua:98]: Skip loaded file: file:///usr/share/nvim/runtime/lua/vim/highlight.lua
[11:48:53.770][info] [#0:script/workspace/loading.lua:101]: Preload file at: file:///usr/share/nvim/runtime/lua/vim/lsp/_watchfiles.lua , size = 6.889 KB
[11:48:53.774][info] [#0:script/workspace/loading.lua:113]: ++++As library of:	file:///usr/share/nvim/runtime
[11:48:53.774][info] [#0:script/workspace/loading.lua:98]: Skip loaded file: file:///usr/share/nvim/runtime/lua/vim/lsp/_watchfiles.lua
[11:48:53.774][info] [#0:script/workspace/loading.lua:101]: Preload file at: file:///usr/share/nvim/runtime/lua/vim/lsp/log.lua , size = 4.673 KB
[11:48:53.777][info] [#0:script/workspace/loading.lua:113]: ++++As library of:	file:///usr/share/nvim/runtime
[11:48:53.777][info] [#0:script/workspace/loading.lua:98]: Skip loaded file: file:///usr/share/nvim/runtime/lua/vim/lsp/log.lua
[11:48:53.777][info] [#0:script/workspace/loading.lua:101]: Preload file at: file:///usr/share/nvim/runtime/lua/vim/lsp/rpc.lua , size = 26.004 KB
[11:48:53.795][info] [#0:script/workspace/loading.lua:113]: ++++As library of:	file:///usr/share/nvim/runtime
[11:48:53.795][info] [#0:script/workspace/loading.lua:98]: Skip loaded file: file:///usr/share/nvim/runtime/lua/vim/lsp/rpc.lua
[11:48:53.795][info] [#0:script/workspace/loading.lua:101]: Preload file at: file:///usr/share/nvim/runtime/lua/vim/lsp/sync.lua , size = 16.226 KB
[11:48:53.801][info] [#0:script/workspace/loading.lua:113]: ++++As library of:	file:///usr/share/nvim/runtime
[11:48:53.801][info] [#0:script/workspace/loading.lua:98]: Skip loaded file: file:///usr/share/nvim/runtime/lua/vim/lsp/sync.lua
[11:48:53.801][info] [#0:script/workspace/loading.lua:101]: Preload file at: file:///usr/share/nvim/runtime/lua/vim/lsp/_changetracking.lua , size = 11.492 KB
[11:48:53.807][info] [#0:script/workspace/loading.lua:113]: ++++As library of:	file:///usr/share/nvim/runtime
[11:48:53.807][info] [#0:script/workspace/loading.lua:98]: Skip loaded file: file:///usr/share/nvim/runtime/lua/vim/lsp/_changetracking.lua
[11:48:53.807][info] [#0:script/workspace/loading.lua:101]: Preload file at: file:///usr/share/nvim/runtime/lua/vim/lsp/health.lua , size = 2.992 KB
[11:48:53.809][info] [#0:script/workspace/loading.lua:113]: ++++As library of:	file:///usr/share/nvim/runtime
[11:48:53.809][info] [#0:script/workspace/loading.lua:98]: Skip loaded file: file:///usr/share/nvim/runtime/lua/vim/lsp/health.lua
[11:48:53.809][info] [#0:script/workspace/loading.lua:101]: Preload file at: file:///usr/share/nvim/runtime/lua/vim/lsp/diagnostic.lua , size = 14.102 KB
[11:48:53.817][info] [#0:script/workspace/loading.lua:113]: ++++As library of:	file:///usr/share/nvim/runtime
[11:48:53.817][info] [#0:script/workspace/loading.lua:98]: Skip loaded file: file:///usr/share/nvim/runtime/lua/vim/lsp/diagnostic.lua
[11:48:53.817][info] [#0:script/workspace/loading.lua:101]: Preload file at: file:///usr/share/nvim/runtime/lua/vim/lsp/_completion.lua , size = 8.965 KB
[11:48:53.824][info] [#0:script/workspace/loading.lua:113]: ++++As library of:	file:///usr/share/nvim/runtime
[11:48:53.824][info] [#0:script/workspace/loading.lua:98]: Skip loaded file: file:///usr/share/nvim/runtime/lua/vim/lsp/_completion.lua
[11:48:53.824][info] [#0:script/workspace/loading.lua:101]: Preload file at: file:///usr/share/nvim/runtime/lua/vim/lsp/_snippet_grammar.lua , size = 6.179 KB
[11:48:53.828][info] [#0:script/workspace/loading.lua:113]: ++++As library of:	file:///usr/share/nvim/runtime
[11:48:53.828][info] [#0:script/workspace/loading.lua:98]: Skip loaded file: file:///usr/share/nvim/runtime/lua/vim/lsp/_snippet_grammar.lua
[11:48:53.828][info] [#0:script/workspace/loading.lua:101]: Preload file at: file:///usr/share/nvim/runtime/lua/vim/lsp/_dynamic.lua , size = 2.973 KB
[11:48:53.831][info] [#0:script/workspace/loading.lua:113]: ++++As library of:	file:///usr/share/nvim/runtime
[11:48:53.831][info] [#0:script/workspace/loading.lua:98]: Skip loaded file: file:///usr/share/nvim/runtime/lua/vim/lsp/_dynamic.lua
[11:48:53.831][info] [#0:script/workspace/loading.lua:101]: Preload file at: file:///usr/share/nvim/runtime/lua/vim/lsp/_tagfunc.lua , size = 2.787 KB
[11:48:53.833][info] [#0:script/workspace/loading.lua:113]: ++++As library of:	file:///usr/share/nvim/runtime
[11:48:53.833][info] [#0:script/workspace/loading.lua:98]: Skip loaded file: file:///usr/share/nvim/runtime/lua/vim/lsp/_tagfunc.lua
[11:48:53.833][info] [#0:script/workspace/loading.lua:101]: Preload file at: file:///usr/share/nvim/runtime/lua/vim/lsp/semantic_tokens.lua , size = 26.553 KB
[11:48:53.845][info] [#0:script/workspace/loading.lua:113]: ++++As library of:	file:///usr/share/nvim/runtime
[11:48:53.845][info] [#0:script/workspace/loading.lua:98]: Skip loaded file: file:///usr/share/nvim/runtime/lua/vim/lsp/semantic_tokens.lua
[11:48:53.845][info] [#0:script/workspace/loading.lua:101]: Preload file at: file:///usr/share/nvim/runtime/lua/vim/lsp/_meta.lua , size = 0.440 KB
[11:48:53.846][info] [#0:script/workspace/loading.lua:113]: ++++As library of:	file:///usr/share/nvim/runtime
[11:48:53.846][info] [#0:script/workspace/loading.lua:98]: Skip loaded file: file:///usr/share/nvim/runtime/lua/vim/lsp/_meta.lua
[11:48:53.846][info] [#0:script/workspace/loading.lua:101]: Preload file at: file:///usr/share/nvim/runtime/lua/vim/lsp/buf.lua , size = 30.505 KB
[11:48:53.860][info] [#0:script/workspace/loading.lua:113]: ++++As library of:	file:///usr/share/nvim/runtime
[11:48:53.860][info] [#0:script/workspace/loading.lua:98]: Skip loaded file: file:///usr/share/nvim/runtime/lua/vim/lsp/buf.lua
[11:48:53.860][info] [#0:script/workspace/loading.lua:101]: Preload file at: file:///usr/share/nvim/runtime/lua/vim/lsp/util.lua , size = 76.854 KB
[11:48:53.904][info] [#0:script/workspace/loading.lua:113]: ++++As library of:	file:///usr/share/nvim/runtime
[11:48:53.904][info] [#0:script/workspace/loading.lua:98]: Skip loaded file: file:///usr/share/nvim/runtime/lua/vim/lsp/util.lua
[11:48:53.904][info] [#0:script/workspace/loading.lua:101]: Preload file at: file:///usr/share/nvim/runtime/lua/vim/lsp/client.lua , size = 37.926 KB
[11:48:53.923][info] [#0:script/workspace/loading.lua:113]: ++++As library of:	file:///usr/share/nvim/runtime
[11:48:53.923][info] [#0:script/workspace/loading.lua:98]: Skip loaded file: file:///usr/share/nvim/runtime/lua/vim/lsp/client.lua
[11:48:53.923][info] [#0:script/workspace/loading.lua:101]: Preload file at: file:///usr/share/nvim/runtime/lua/vim/lsp/handlers.lua , size = 26.781 KB
[11:48:53.936][info] [#0:script/workspace/loading.lua:113]: ++++As library of:	file:///usr/share/nvim/runtime
[11:48:53.936][info] [#0:script/workspace/loading.lua:98]: Skip loaded file: file:///usr/share/nvim/runtime/lua/vim/lsp/handlers.lua
[11:48:53.936][info] [#0:script/workspace/loading.lua:101]: Preload file at: file:///usr/share/nvim/runtime/lua/vim/lsp/codelens.lua , size = 9.255 KB
[11:48:53.941][info] [#0:script/workspace/loading.lua:113]: ++++As library of:	file:///usr/share/nvim/runtime
[11:48:53.941][info] [#0:script/workspace/loading.lua:98]: Skip loaded file: file:///usr/share/nvim/runtime/lua/vim/lsp/codelens.lua
[11:48:53.941][info] [#0:script/workspace/loading.lua:101]: Preload file at: file:///usr/share/nvim/runtime/lua/vim/lsp/inlay_hint.lua , size = 12.126 KB
[11:48:53.948][info] [#0:script/workspace/loading.lua:113]: ++++As library of:	file:///usr/share/nvim/runtime
[11:48:53.948][info] [#0:script/workspace/loading.lua:98]: Skip loaded file: file:///usr/share/nvim/runtime/lua/vim/lsp/inlay_hint.lua
[11:48:53.948][info] [#0:script/workspace/loading.lua:101]: Preload file at: file:///usr/share/nvim/runtime/lua/vim/lsp/_meta/protocol.lua , size = 175.343 KB
[11:48:54.059][info] [#0:script/workspace/loading.lua:113]: ++++As library of:	file:///usr/share/nvim/runtime
[11:48:54.059][info] [#0:script/workspace/loading.lua:98]: Skip loaded file: file:///usr/share/nvim/runtime/lua/vim/lsp/_meta/protocol.lua
[11:48:54.059][info] [#0:script/workspace/loading.lua:101]: Preload file at: file:///usr/share/nvim/runtime/lua/vim/lsp/protocol.lua , size = 48.943 KB
[11:48:54.068][info] [#0:script/workspace/loading.lua:113]: ++++As library of:	file:///usr/share/nvim/runtime
[11:48:54.068][info] [#0:script/workspace/loading.lua:98]: Skip loaded file: file:///usr/share/nvim/runtime/lua/vim/lsp/protocol.lua
[11:48:54.068][info] [#0:script/workspace/loading.lua:101]: Preload file at: file:///usr/share/nvim/runtime/lua/vim/keymap.lua , size = 3.682 KB
[11:48:54.070][info] [#0:script/workspace/loading.lua:113]: ++++As library of:	file:///usr/share/nvim/runtime
[11:48:54.070][info] [#0:script/workspace/loading.lua:98]: Skip loaded file: file:///usr/share/nvim/runtime/lua/vim/keymap.lua
[11:48:54.070][info] [#0:script/workspace/loading.lua:101]: Preload file at: file:///usr/share/nvim/runtime/lua/vim/version.lua , size = 13.560 KB
[11:48:54.078][info] [#0:script/workspace/loading.lua:113]: ++++As library of:	file:///usr/share/nvim/runtime
[11:48:54.078][info] [#0:script/workspace/loading.lua:98]: Skip loaded file: file:///usr/share/nvim/runtime/lua/vim/version.lua
[11:48:54.078][info] [#0:script/workspace/loading.lua:101]: Preload file at: file:///usr/share/nvim/runtime/lua/vim/treesitter/_fold.lua , size = 14.081 KB
[11:48:54.085][info] [#0:script/workspace/loading.lua:113]: ++++As library of:	file:///usr/share/nvim/runtime
[11:48:54.085][info] [#0:script/workspace/loading.lua:98]: Skip loaded file: file:///usr/share/nvim/runtime/lua/vim/treesitter/_fold.lua
[11:48:54.085][info] [#0:script/workspace/loading.lua:101]: Preload file at: file:///usr/share/nvim/runtime/lua/vim/treesitter/language.lua , size = 3.684 KB
[11:48:54.087][info] [#0:script/workspace/loading.lua:113]: ++++As library of:	file:///usr/share/nvim/runtime
[11:48:54.087][info] [#0:script/workspace/loading.lua:98]: Skip loaded file: file:///usr/share/nvim/runtime/lua/vim/treesitter/language.lua
[11:48:54.087][info] [#0:script/workspace/loading.lua:101]: Preload file at: file:///usr/share/nvim/runtime/lua/vim/treesitter/health.lua , size = 0.856 KB
[11:48:54.088][info] [#0:script/workspace/loading.lua:113]: ++++As library of:	file:///usr/share/nvim/runtime
[11:48:54.088][info] [#0:script/workspace/loading.lua:98]: Skip loaded file: file:///usr/share/nvim/runtime/lua/vim/treesitter/health.lua
[11:48:54.088][info] [#0:script/workspace/loading.lua:101]: Preload file at: file:///usr/share/nvim/runtime/lua/vim/treesitter/languagetree.lua , size = 33.292 KB
[11:48:54.105][info] [#0:script/workspace/loading.lua:113]: ++++As library of:	file:///usr/share/nvim/runtime
[11:48:54.106][info] [#0:script/workspace/loading.lua:98]: Skip loaded file: file:///usr/share/nvim/runtime/lua/vim/treesitter/languagetree.lua
[11:48:54.106][info] [#0:script/workspace/loading.lua:101]: Preload file at: file:///usr/share/nvim/runtime/lua/vim/treesitter/_query_linter.lua , size = 7.528 KB
[11:48:54.110][info] [#0:script/workspace/loading.lua:113]: ++++As library of:	file:///usr/share/nvim/runtime
[11:48:54.110][info] [#0:script/workspace/loading.lua:98]: Skip loaded file: file:///usr/share/nvim/runtime/lua/vim/treesitter/_query_linter.lua
[11:48:54.110][info] [#0:script/workspace/loading.lua:101]: Preload file at: file:///usr/share/nvim/runtime/lua/vim/treesitter/highlighter.lua , size = 11.361 KB
[11:48:54.117][info] [#0:script/workspace/loading.lua:113]: ++++As library of:	file:///usr/share/nvim/runtime
[11:48:54.117][info] [#0:script/workspace/loading.lua:98]: Skip loaded file: file:///usr/share/nvim/runtime/lua/vim/treesitter/highlighter.lua
[11:48:54.117][info] [#0:script/workspace/loading.lua:101]: Preload file at: file:///usr/share/nvim/runtime/lua/vim/treesitter/query.lua , size = 32.301 KB
[11:48:54.134][info] [#0:script/workspace/loading.lua:113]: ++++As library of:	file:///usr/share/nvim/runtime
[11:48:54.134][info] [#0:script/workspace/loading.lua:98]: Skip loaded file: file:///usr/share/nvim/runtime/lua/vim/treesitter/query.lua
[11:48:54.134][info] [#0:script/workspace/loading.lua:101]: Preload file at: file:///usr/share/nvim/runtime/lua/vim/treesitter/_meta.lua , size = 4.483 KB
[11:48:54.137][info] [#0:script/workspace/loading.lua:113]: ++++As library of:	file:///usr/share/nvim/runtime
[11:48:54.137][info] [#0:script/workspace/loading.lua:98]: Skip loaded file: file:///usr/share/nvim/runtime/lua/vim/treesitter/_meta.lua
[11:48:54.138][info] [#0:script/workspace/loading.lua:101]: Preload file at: file:///usr/share/nvim/runtime/lua/vim/treesitter/dev.lua , size = 19.490 KB
[11:48:54.150][info] [#0:script/workspace/loading.lua:113]: ++++As library of:	file:///usr/share/nvim/runtime
[11:48:54.150][info] [#0:script/workspace/loading.lua:98]: Skip loaded file: file:///usr/share/nvim/runtime/lua/vim/treesitter/dev.lua
[11:48:54.150][info] [#0:script/workspace/loading.lua:101]: Preload file at: file:///usr/share/nvim/runtime/lua/vim/treesitter/_range.lua , size = 3.869 KB
[11:48:54.153][info] [#0:script/workspace/loading.lua:113]: ++++As library of:	file:///usr/share/nvim/runtime
[11:48:54.153][info] [#0:script/workspace/loading.lua:98]: Skip loaded file: file:///usr/share/nvim/runtime/lua/vim/treesitter/_range.lua
[11:48:54.153][info] [#0:script/workspace/loading.lua:101]: Preload file at: file:///usr/share/nvim/runtime/ftplugin/lua.lua , size = 0.052 KB
[11:48:54.154][info] [#0:script/workspace/loading.lua:113]: ++++As library of:	file:///usr/share/nvim/runtime
[11:48:54.154][info] [#0:script/workspace/loading.lua:98]: Skip loaded file: file:///usr/share/nvim/runtime/ftplugin/lua.lua
[11:48:54.154][info] [#0:script/workspace/loading.lua:101]: Preload file at: file:///usr/share/nvim/runtime/ftplugin/help.lua , size = 1.131 KB
[11:48:54.154][info] [#0:script/workspace/loading.lua:113]: ++++As library of:	file:///usr/share/nvim/runtime
[11:48:54.154][info] [#0:script/workspace/loading.lua:98]: Skip loaded file: file:///usr/share/nvim/runtime/ftplugin/help.lua
[11:48:54.154][info] [#0:script/workspace/loading.lua:101]: Preload file at: file:///usr/share/nvim/runtime/ftplugin/css.lua , size = 0.031 KB
[11:48:54.155][info] [#0:script/workspace/loading.lua:113]: ++++As library of:	file:///usr/share/nvim/runtime
[11:48:54.155][info] [#0:script/workspace/loading.lua:101]: Preload file at: file:///usr/share/nvim/runtime/ftplugin/query.lua , size = 0.854 KB
[11:48:54.155][info] [#0:script/workspace/loading.lua:113]: ++++As library of:	file:///usr/share/nvim/runtime
[11:48:54.155][info] [#0:script/workspace/loading.lua:98]: Skip loaded file: file:///usr/share/nvim/runtime/ftplugin/query.lua
[11:48:54.155][info] [#0:script/workspace/loading.lua:98]: Skip loaded file: file:///usr/share/nvim/runtime/ftplugin/css.lua
[11:48:54.156][info] [#0:script/workspace/loading.lua:101]: Preload file at: file:///usr/share/nvim/runtime/ftplugin/xdefaults.lua , size = 0.031 KB
[11:48:54.156][info] [#0:script/workspace/loading.lua:113]: ++++As library of:	file:///usr/share/nvim/runtime
[11:48:54.156][info] [#0:script/workspace/loading.lua:98]: Skip loaded file: file:///usr/share/nvim/runtime/ftplugin/xdefaults.lua
[11:48:54.156][info] [#0:script/workspace/loading.lua:101]: Preload file at: file:///usr/share/nvim/runtime/ftplugin/indent.lua , size = 0.031 KB
[11:48:54.156][info] [#0:script/workspace/loading.lua:113]: ++++As library of:	file:///usr/share/nvim/runtime
[11:48:54.156][info] [#0:script/workspace/loading.lua:98]: Skip loaded file: file:///usr/share/nvim/runtime/ftplugin/indent.lua
[11:48:54.156][info] [#0:script/workspace/loading.lua:101]: Preload file at: file:///usr/share/nvim/runtime/ftplugin/c.lua , size = 0.392 KB
[11:48:54.156][info] [#0:script/workspace/loading.lua:113]: ++++As library of:	file:///usr/share/nvim/runtime
[11:48:54.156][info] [#0:script/workspace/loading.lua:98]: Skip loaded file: file:///usr/share/nvim/runtime/ftplugin/c.lua
[11:48:54.157][info] [#0:script/workspace/loading.lua:101]: Preload file at: file:///usr/share/nvim/runtime/ftplugin/cs.lua , size = 0.031 KB
[11:48:54.157][info] [#0:script/workspace/loading.lua:113]: ++++As library of:	file:///usr/share/nvim/runtime
[11:48:54.157][info] [#0:script/workspace/loading.lua:98]: Skip loaded file: file:///usr/share/nvim/runtime/ftplugin/cs.lua
[11:48:54.157][info] [#0:script/workspace/loading.lua:101]: Preload file at: file:///usr/share/nvim/runtime/ftplugin/d.lua , size = 0.031 KB
[11:48:54.157][info] [#0:script/workspace/loading.lua:113]: ++++As library of:	file:///usr/share/nvim/runtime
[11:48:54.157][info] [#0:script/workspace/loading.lua:98]: Skip loaded file: file:///usr/share/nvim/runtime/ftplugin/d.lua
[11:48:54.157][info] [#0:script/workspace/loading.lua:101]: Preload file at: file:///usr/share/nvim/runtime/ftplugin/calender.lua , size = 0.031 KB
[11:48:54.157][info] [#0:script/workspace/loading.lua:113]: ++++As library of:	file:///usr/share/nvim/runtime
[11:48:54.157][info] [#0:script/workspace/loading.lua:98]: Skip loaded file: file:///usr/share/nvim/runtime/ftplugin/calender.lua
[11:48:54.157][info] [#0:script/workspace/loading.lua:101]: Preload file at: file:///usr/share/nvim/runtime/plugin/editorconfig.lua , size = 0.396 KB
[11:48:54.158][info] [#0:script/workspace/loading.lua:113]: ++++As library of:	file:///usr/share/nvim/runtime
[11:48:54.158][info] [#0:script/workspace/loading.lua:98]: Skip loaded file: file:///usr/share/nvim/runtime/plugin/editorconfig.lua
[11:48:54.158][info] [#0:script/workspace/loading.lua:101]: Preload file at: file:///usr/share/nvim/runtime/plugin/osc52.lua , size = 0.968 KB
[11:48:54.159][info] [#0:script/workspace/loading.lua:113]: ++++As library of:	file:///usr/share/nvim/runtime
[11:48:54.159][info] [#0:script/workspace/loading.lua:98]: Skip loaded file: file:///usr/share/nvim/runtime/plugin/osc52.lua
[11:48:54.159][info] [#0:script/workspace/loading.lua:101]: Preload file at: file:///usr/share/nvim/runtime/plugin/tohtml.lua , size = 0.379 KB
[11:48:54.159][info] [#0:script/workspace/loading.lua:113]: ++++As library of:	file:///usr/share/nvim/runtime
[11:48:54.159][info] [#0:script/workspace/loading.lua:98]: Skip loaded file: file:///usr/share/nvim/runtime/plugin/tohtml.lua
[11:48:54.159][info] [#0:script/workspace/loading.lua:101]: Preload file at: file:///usr/share/nvim/runtime/plugin/man.lua , size = 0.805 KB
[11:48:54.160][info] [#0:script/workspace/loading.lua:113]: ++++As library of:	file:///usr/share/nvim/runtime
[11:48:54.160][info] [#0:script/workspace/loading.lua:98]: Skip loaded file: file:///usr/share/nvim/runtime/plugin/man.lua
[11:48:54.160][info] [#0:script/workspace/loading.lua:101]: Preload file at: file:///usr/share/nvim/runtime/syntax/query.lua , size = 0.134 KB
[11:48:54.160][info] [#0:script/workspace/loading.lua:113]: ++++As library of:	file:///usr/share/nvim/runtime
[11:48:54.160][info] [#0:script/workspace/loading.lua:98]: Skip loaded file: file:///usr/share/nvim/runtime/syntax/query.lua
[11:48:54.161][info] [#0:script/workspace/loading.lua:101]: Preload file at: file:///home/marculonis/.config/bin/lua-language-server-3.7.4-linux-x64/meta/Lua%205.4%20en-us%20utf8/coroutine.lua , size = 2.590 KB
[11:48:54.162][info] [#0:script/workspace/loading.lua:113]: ++++As library of:	file:///home/marculonis/.config/bin/lua-language-server-3.7.4-linux-x64/meta/Lua%205.4%20en-us%20utf8/coroutine.lua
[11:48:54.162][info] [#0:script/workspace/loading.lua:98]: Skip loaded file: file:///home/marculonis/.config/bin/lua-language-server-3.7.4-linux-x64/meta/Lua%205.4%20en-us%20utf8/coroutine.lua
[11:48:54.162][info] [#0:script/workspace/loading.lua:101]: Preload file at: file:///home/marculonis/.config/nvim/init.lua , size = 0.021 KB
[11:48:54.162][info] [#0:script/workspace/loading.lua:101]: Preload file at: file:///home/marculonis/.config/nvim/after/plugin/lsp_signature.lua , size = 4.015 KB
[11:48:54.163][info] [#0:script/workspace/loading.lua:101]: Preload file at: file:///home/marculonis/.config/nvim/after/plugin/treesitter.lua , size = 0.986 KB
[11:48:54.164][info] [#0:script/workspace/loading.lua:101]: Preload file at: file:///home/marculonis/.config/nvim/after/plugin/nvimcolorizer.lua , size = 0.028 KB
[11:48:54.164][info] [#0:script/workspace/loading.lua:101]: Preload file at: file:///home/marculonis/.config/nvim/after/plugin/cmp.lua , size = 1.923 KB
[11:48:54.165][info] [#0:script/workspace/loading.lua:101]: Preload file at: file:///home/marculonis/.config/nvim/after/plugin/telescope.lua , size = 3.569 KB
[11:48:54.167][info] [#0:script/workspace/loading.lua:101]: Preload file at: file:///home/marculonis/.config/nvim/after/plugin/fugitive.lua , size = 0.046 KB
[11:48:54.167][info] [#0:script/workspace/loading.lua:101]: Preload file at: file:///home/marculonis/.config/nvim/after/plugin/lsp.lua , size = 1.644 KB
[11:48:54.168][info] [#0:script/workspace/loading.lua:101]: Preload file at: file:///home/marculonis/.config/nvim/after/plugin/luasnip.lua , size = 0.717 KB
[11:48:54.168][info] [#0:script/workspace/loading.lua:101]: Preload file at: file:///home/marculonis/.config/nvim/after/plugin/colors.lua , size = 0.249 KB
[11:48:54.169][info] [#0:script/workspace/loading.lua:101]: Preload file at: file:///home/marculonis/.config/nvim/lua/marculonis/init.lua , size = 1.254 KB
[11:48:54.170][info] [#0:script/workspace/loading.lua:101]: Preload file at: file:///home/marculonis/.config/nvim/lua/marculonis/remap.lua , size = 1.389 KB
[11:48:54.171][info] [#0:script/workspace/loading.lua:101]: Preload file at: file:///home/marculonis/.config/nvim/lua/marculonis/set.lua , size = 0.550 KB
[11:48:54.172][info] [#0:script/workspace/loading.lua:101]: Preload file at: file:///home/marculonis/.config/nvim/plugin/packer_compiled.lua , size = 10.503 KB
[11:48:54.276][info] [#0:script/workspace/loading.lua:173]: Loaded files takes [1.430] sec: <fallback>
[11:48:54.276][info] [#0:script/workspace/loading.lua:182]: Compile files takes [0.000] sec: <fallback>
[11:48:54.276][info] [#0:script/workspace/loading.lua:183]: Loaded finish:	<fallback>
[11:48:54.276][info] [#0:script/workspace/workspace.lua:381]: Preload finish at:	<fallback>
[11:48:54.293][info] [#0:script/workspace/loading.lua:173]: Loaded files takes [1.447] sec: file:///home/marculonis/.config/nvim
[11:48:54.293][info] [#0:script/workspace/loading.lua:182]: Compile files takes [0.000] sec: file:///home/marculonis/.config/nvim
[11:48:54.293][info] [#0:script/workspace/loading.lua:183]: Loaded finish:	file:///home/marculonis/.config/nvim
[11:48:54.293][info] [#0:script/workspace/workspace.lua:381]: Preload finish at:	file:///home/marculonis/.config/nvim
[11:48:54.326][warn] [#0:script/proto/proto.lua:190]: Method [textDocument/didOpen] takes [1.703]sec. {
  jsonrpc = "2.0",
  method = "textDocument/didOpen",
  params = {
    textDocument = {
      languageId = "lua",
      text = '"***"',
      uri = "file:///home/marculonis/.config/nvim/lua/marculonis/packer.lua",
      version = 0
    }
  }
}
[11:48:54.333][info] [#0:script/provider/diagnostic.lua:557]: Diagnostics scope [file:///home/marculonis/.config/nvim], files count:[165]
[11:48:54.333][warn] [#0:script/proto/proto.lua:190]: Method [textDocument/signatureHelp] takes [1.707]sec. {
  id = 3,
  jsonrpc = "2.0",
  method = "textDocument/signatureHelp",
  params = {
    position = {
      character = 1,
      line = 0
    },
    textDocument = {
      uri = "file:///home/marculonis/.config/nvim/lua/marculonis/packer.lua"
    }
  }
}
[11:48:54.340][warn] [#0:script/proto/proto.lua:190]: Method [textDocument/semanticTokens/full] takes [1.646]sec. {
  id = 6,
  jsonrpc = "2.0",
  method = "textDocument/semanticTokens/full",
  params = {
    textDocument = {
      uri = "file:///home/marculonis/.config/nvim/lua/marculonis/packer.lua"
    }
  }
}
[11:48:54.448][info] [#0:script/provider/diagnostic.lua:574]: Diagnostics scope [file:///home/marculonis/.config/nvim] finished, takes [0.110] sec.
[11:58:51.898][info] [#0:script/service/service.lua:144]: 
========= Medical Examination Report =========
    --------------- Memory ---------------
        Total: 127.400 MB
        # 00 : 126.425 MB
        # 01 : 0.432 MB
        # 02 : 0.052 MB
        # 03 : 0.052 MB
        # 04 : 0.438 MB
    --------------- Coroutine ---------------
        Total:     52
        Running:   0
        Suspended: 0
        Normal:    0
        Dead:      52
    --------------- Cache ---------------
        Total: 2
        Dead:  1
    ---------------  RPC  ---------------
        Holdon:   0
        Waiting:  0
==============================================
