[17:13:41.742][info] [#0:/home/marculonis/.config/bin/lua-language-server-3.7.4-linux-x64/main.lua:66]: Lua Lsp startup, root: 	/home/marculonis/.config/bin/lua-language-server-3.7.4-linux-x64
[17:13:41.742][info] [#0:/home/marculonis/.config/bin/lua-language-server-3.7.4-linux-x64/main.lua:67]: ROOT:	/home/marculonis/.config/bin/lua-language-server-3.7.4-linux-x64
[17:13:41.742][info] [#0:/home/marculonis/.config/bin/lua-language-server-3.7.4-linux-x64/main.lua:68]: LOGPATH:	/home/marculonis/.config/bin/lua-language-server-3.7.4-linux-x64/log
[17:13:41.742][info] [#0:/home/marculonis/.config/bin/lua-language-server-3.7.4-linux-x64/main.lua:69]: METAPATH:	/home/marculonis/.config/bin/lua-language-server-3.7.4-linux-x64/meta
[17:13:41.743][info] [#0:/home/marculonis/.config/bin/lua-language-server-3.7.4-linux-x64/main.lua:70]: VERSION:	3.7.4
[17:13:41.764][info] [#0:script/service/service.lua:144]: 
========= Medical Examination Report =========
    --------------- Memory ---------------
        Total: 1.336 MB
        # 00 : 1.336 MB
        # 01 : 0.000 MB
        # 02 : 0.000 MB
        # 03 : 0.000 MB
        # 04 : 0.000 MB
    --------------- Coroutine ---------------
        Total:     0
        Running:   0
        Suspended: 0
        Normal:    0
        Dead:      0
    --------------- Cache ---------------
        Total: 1
        Dead:  0
    ---------------  RPC  ---------------
        Holdon:   0
        Waiting:  0
==============================================
[17:13:41.768][info] [#0:script/client.lua:657]: Client init	{
  capabilities = {
    callHierarchy = {
      dynamicRegistration = false
    },
    textDocument = {
      codeAction = {
        codeActionLiteralSupport = {
          codeActionKind = {
            valueSet = { "", "Empty", "QuickFix", "Refactor", "RefactorExtract", "RefactorInline", "RefactorRewrite", "Source", "SourceOrganizeImports", "quickfix", "refactor", "refactor.extract", "refactor.inline", "refactor.rewrite", "source", "source.organizeImports" }
          }
        },
        dataSupport = true,
        dynamicRegistration = false,
        isPreferredSupport = true,
        resolveSupport = {
          properties = { "edit" }
        }
      },
      completion = {
        completionItem = {
          commitCharactersSupport = true,
          deprecatedSupport = true,
          documentationFormat = { "markdown", "plaintext" },
          insertReplaceSupport = true,
          insertTextModeSupport = {
            valueSet = { 1, 2 }
          },
          labelDetailsSupport = true,
          preselectSupport = true,
          resolveSupport = {
            properties = { "documentation", "detail", "additionalTextEdits", "sortText", "filterText", "insertText", "textEdit", "insertTextFormat", "insertTextMode" }
          },
          snippetSupport = true,
          tagSupport = {
            valueSet = { 1 }
          }
        },
        completionItemKind = {
          valueSet = { 1, 2, 3, 4, 5, 6, 7, 8, 9, 10, 11, 12, 13, 14, 15, 16, 17, 18, 19, 20, 21, 22, 23, 24, 25 }
        },
        completionList = {
          itemDefaults = { "commitCharacters", "editRange", "insertTextFormat", "insertTextMode", "data" }
        },
        contextSupport = true,
        dynamicRegistration = false,
        insertTextMode = 1
      },
      declaration = {
        linkSupport = true
      },
      definition = {
        linkSupport = true
      },
      documentHighlight = {
        dynamicRegistration = false
      },
      documentSymbol = {
        dynamicRegistration = false,
        hierarchicalDocumentSymbolSupport = true,
        symbolKind = {
          valueSet = { 1, 2, 3, 4, 5, 6, 7, 8, 9, 10, 11, 12, 13, 14, 15, 16, 17, 18, 19, 20, 21, 22, 23, 24, 25, 26 }
        }
      },
      hover = {
        contentFormat = { "markdown", "plaintext" },
        dynamicRegistration = false
      },
      implementation = {
        linkSupport = true
      },
      publishDiagnostics = {
        relatedInformation = true,
        tagSupport = {
          valueSet = { 1, 2 }
        }
      },
      references = {
        dynamicRegistration = false
      },
      rename = {
        dynamicRegistration = false,
        prepareSupport = true
      },
      signatureHelp = {
        dynamicRegistration = false,
        signatureInformation = {
          activeParameterSupport = true,
          documentationFormat = { "markdown", "plaintext" },
          parameterInformation = {
            labelOffsetSupport = true
          }
        }
      },
      synchronization = {
        didSave = true,
        dynamicRegistration = false,
        willSave = false,
        willSaveWaitUntil = false
      },
      typeDefinition = {
        linkSupport = true
      }
    },
    window = {
      showDocument = {
        support = false
      },
      showMessage = {
        messageActionItem = {
          additionalPropertiesSupport = false
        }
      },
      workDoneProgress = true
    },
    workspace = {
      applyEdit = true,
      configuration = true,
      symbol = {
        dynamicRegistration = false,
        hierarchicalWorkspaceSymbolSupport = true,
        symbolKind = {
          valueSet = { 1, 2, 3, 4, 5, 6, 7, 8, 9, 10, 11, 12, 13, 14, 15, 16, 17, 18, 19, 20, 21, 22, 23, 24, 25, 26 }
        }
      },
      workspaceEdit = {
        resourceOperations = { "rename", "create", "delete" }
      },
      workspaceFolders = true
    }
  },
  clientInfo = {
    name = "Neovim",
    version = "0.8.2"
  },
  initializationOptions = {},
  processId = 203912,
  rootPath = "/home/marculonis/.config/backup_nvim/autoload/plugged/vim-illuminate",
  rootUri = "file:///home/marculonis/.config/backup_nvim/autoload/plugged/vim-illuminate",
  trace = "off",
  workspaceFolders = { {
      name = "/home/marculonis/.config/backup_nvim/autoload/plugged/vim-illuminate",
      uri = "file:///home/marculonis/.config/backup_nvim/autoload/plugged/vim-illuminate"
    } }
}
[17:13:41.768][info] [#0:script/language.lua:137]: VSC language: nil
[17:13:41.768][info] [#0:script/language.lua:138]: LS  language: en-us
[17:13:41.768][info] [#0:script/workspace/workspace.lua:38]: Workspace init root: 	file:///home/marculonis/.config/backup_nvim/autoload/plugged/vim-illuminate
[17:13:41.768][info] [#0:script/workspace/workspace.lua:42]: Log path: 	/home/marculonis/.config/bin/lua-language-server-3.7.4-linux-x64/log/file_home_marculonis_.config_backup_nvim_autoload_plugged_vim-illuminate.log
[17:13:41.768][info] [#0:script/workspace/workspace.lua:48]: Workspace create: 	file:///home/marculonis/.config/backup_nvim/autoload/plugged/vim-illuminate
[17:13:41.871][warn] [#0:script/config/loader.lua:116]: No config?	{}
[17:13:41.972][warn] [#0:script/config/loader.lua:116]: No config?	{}
[17:13:41.972][info] [#0:script/provider/provider.lua:61]: Load config from client	fallback
[17:13:41.972][info] [#0:script/provider/provider.lua:62]: nil
[17:13:42.073][info] [#0:script/library.lua:212]: Init builtin library at:	file:///home/marculonis/.config/backup_nvim/autoload/plugged/vim-illuminate
[17:13:42.130][info] [#0:script/plugin.lua:86]: plugin path:	/home/marculonis/.config/backup_nvim/autoload/plugged/vim-illuminate
[17:13:42.130][warn] [#0:script/plugin.lua:101]: plugin not found:	/home/marculonis/.config/backup_nvim/autoload/plugged/vim-illuminate
[17:13:42.130][info] [#0:script/library.lua:212]: Init builtin library at:	nil
[17:13:42.241][info] [#0:script/workspace/workspace.lua:324]: Preload start:	file:///home/marculonis/.config/backup_nvim/autoload/plugged/vim-illuminate
[17:13:42.243][info] [#0:script/workspace/workspace.lua:330]: Scan files at:	file:///home/marculonis/.config/backup_nvim/autoload/plugged/vim-illuminate
[17:13:42.244][info] [#0:script/workspace/workspace.lua:324]: Preload start:	<fallback>
[17:13:42.246][info] [#0:script/workspace/workspace.lua:353]: Scan library at:	file:///home/marculonis/.config/bin/lua-language-server-3.7.4-linux-x64/meta/Lua%205.4%20en-us%20utf8/coroutine.lua
[17:13:42.246][info] [#0:script/workspace/workspace.lua:353]: Scan library at:	file:///home/marculonis/.config/bin/lua-language-server-3.7.4-linux-x64/meta/Lua%205.4%20en-us%20utf8/basic.lua
[17:13:42.246][info] [#0:script/workspace/workspace.lua:353]: Scan library at:	file:///home/marculonis/.config/bin/lua-language-server-3.7.4-linux-x64/meta/Lua%205.4%20en-us%20utf8/math.lua
[17:13:42.247][info] [#0:script/workspace/workspace.lua:353]: Scan library at:	file:///home/marculonis/.config/bin/lua-language-server-3.7.4-linux-x64/meta/Lua%205.4%20en-us%20utf8/debug.lua
[17:13:42.247][info] [#0:script/workspace/workspace.lua:353]: Scan library at:	file:///home/marculonis/.config/bin/lua-language-server-3.7.4-linux-x64/meta/Lua%205.4%20en-us%20utf8/builtin.lua
[17:13:42.247][info] [#0:script/workspace/workspace.lua:353]: Scan library at:	file:///home/marculonis/.config/bin/lua-language-server-3.7.4-linux-x64/meta/Lua%205.4%20en-us%20utf8/io.lua
[17:13:42.247][info] [#0:script/workspace/workspace.lua:353]: Scan library at:	file:///home/marculonis/.config/bin/lua-language-server-3.7.4-linux-x64/meta/Lua%205.4%20en-us%20utf8/string.lua
[17:13:42.247][info] [#0:script/workspace/workspace.lua:353]: Scan library at:	file:///home/marculonis/.config/bin/lua-language-server-3.7.4-linux-x64/meta/Lua%205.4%20en-us%20utf8/package.lua
[17:13:42.247][info] [#0:script/workspace/workspace.lua:353]: Scan library at:	file:///home/marculonis/.config/bin/lua-language-server-3.7.4-linux-x64/meta/Lua%205.4%20en-us%20utf8/os.lua
[17:13:42.247][info] [#0:script/workspace/workspace.lua:353]: Scan library at:	file:///home/marculonis/.config/bin/lua-language-server-3.7.4-linux-x64/meta/Lua%205.4%20en-us%20utf8/table.lua
[17:13:42.247][info] [#0:script/workspace/workspace.lua:353]: Scan library at:	file:///home/marculonis/.config/bin/lua-language-server-3.7.4-linux-x64/meta/Lua%205.4%20en-us%20utf8/utf8.lua
[17:13:42.248][info] [#0:script/workspace/workspace.lua:353]: Scan library at:	file:///home/marculonis/.config/bin/lua-language-server-3.7.4-linux-x64/meta/Lua%205.4%20en-us%20utf8/coroutine.lua
[17:13:42.248][info] [#0:script/workspace/workspace.lua:353]: Scan library at:	file:///home/marculonis/.config/bin/lua-language-server-3.7.4-linux-x64/meta/Lua%205.4%20en-us%20utf8/basic.lua
[17:13:42.248][info] [#0:script/workspace/workspace.lua:353]: Scan library at:	file:///home/marculonis/.config/bin/lua-language-server-3.7.4-linux-x64/meta/Lua%205.4%20en-us%20utf8/math.lua
[17:13:42.248][info] [#0:script/workspace/workspace.lua:353]: Scan library at:	file:///home/marculonis/.config/bin/lua-language-server-3.7.4-linux-x64/meta/Lua%205.4%20en-us%20utf8/debug.lua
[17:13:42.248][info] [#0:script/workspace/workspace.lua:353]: Scan library at:	file:///home/marculonis/.config/bin/lua-language-server-3.7.4-linux-x64/meta/Lua%205.4%20en-us%20utf8/builtin.lua
[17:13:42.248][info] [#0:script/workspace/workspace.lua:353]: Scan library at:	file:///home/marculonis/.config/bin/lua-language-server-3.7.4-linux-x64/meta/Lua%205.4%20en-us%20utf8/io.lua
[17:13:42.248][info] [#0:script/workspace/workspace.lua:353]: Scan library at:	file:///home/marculonis/.config/bin/lua-language-server-3.7.4-linux-x64/meta/Lua%205.4%20en-us%20utf8/string.lua
[17:13:42.248][info] [#0:script/workspace/workspace.lua:353]: Scan library at:	file:///home/marculonis/.config/bin/lua-language-server-3.7.4-linux-x64/meta/Lua%205.4%20en-us%20utf8/package.lua
[17:13:42.248][info] [#0:script/workspace/workspace.lua:353]: Scan library at:	file:///home/marculonis/.config/bin/lua-language-server-3.7.4-linux-x64/meta/Lua%205.4%20en-us%20utf8/os.lua
[17:13:42.249][info] [#0:script/workspace/workspace.lua:353]: Scan library at:	file:///home/marculonis/.config/bin/lua-language-server-3.7.4-linux-x64/meta/Lua%205.4%20en-us%20utf8/table.lua
[17:13:42.249][info] [#0:script/workspace/workspace.lua:353]: Scan library at:	file:///home/marculonis/.config/bin/lua-language-server-3.7.4-linux-x64/meta/Lua%205.4%20en-us%20utf8/utf8.lua
[17:13:42.349][info] [#0:script/workspace/workspace.lua:379]: Found 11 files at:	<fallback>
[17:13:42.349][info] [#0:script/workspace/loading.lua:161]: Load files from disk:	<fallback>
[17:13:42.349][info] [#0:script/workspace/workspace.lua:379]: Found 22 files at:	file:///home/marculonis/.config/backup_nvim/autoload/plugged/vim-illuminate
[17:13:42.349][info] [#0:script/workspace/loading.lua:161]: Load files from disk:	file:///home/marculonis/.config/backup_nvim/autoload/plugged/vim-illuminate
[17:13:42.353][info] [#0:script/workspace/loading.lua:101]: Preload file at: file:///home/marculonis/.config/bin/lua-language-server-3.7.4-linux-x64/meta/Lua%205.4%20en-us%20utf8/utf8.lua , size = 2.386 KB
[17:13:42.361][info] [#0:script/workspace/loading.lua:113]: ++++As library of:	file:///home/marculonis/.config/bin/lua-language-server-3.7.4-linux-x64/meta/Lua%205.4%20en-us%20utf8/utf8.lua
[17:13:42.361][info] [#0:script/workspace/loading.lua:101]: Preload file at: file:///home/marculonis/.config/bin/lua-language-server-3.7.4-linux-x64/meta/Lua%205.4%20en-us%20utf8/table.lua , size = 4.230 KB
[17:13:42.372][info] [#0:script/workspace/loading.lua:113]: ++++As library of:	file:///home/marculonis/.config/bin/lua-language-server-3.7.4-linux-x64/meta/Lua%205.4%20en-us%20utf8/table.lua
[17:13:42.372][info] [#0:script/workspace/loading.lua:98]: Skip loaded file: file:///home/marculonis/.config/bin/lua-language-server-3.7.4-linux-x64/meta/Lua%205.4%20en-us%20utf8/table.lua
[17:13:42.372][info] [#0:script/workspace/loading.lua:101]: Preload file at: file:///home/marculonis/.config/bin/lua-language-server-3.7.4-linux-x64/meta/Lua%205.4%20en-us%20utf8/os.lua , size = 5.600 KB
[17:13:42.387][info] [#0:script/workspace/loading.lua:113]: ++++As library of:	file:///home/marculonis/.config/bin/lua-language-server-3.7.4-linux-x64/meta/Lua%205.4%20en-us%20utf8/os.lua
[17:13:42.387][info] [#0:script/workspace/loading.lua:98]: Skip loaded file: file:///home/marculonis/.config/bin/lua-language-server-3.7.4-linux-x64/meta/Lua%205.4%20en-us%20utf8/os.lua
[17:13:42.388][info] [#0:script/workspace/loading.lua:101]: Preload file at: file:///home/marculonis/.config/bin/lua-language-server-3.7.4-linux-x64/meta/Lua%205.4%20en-us%20utf8/package.lua , size = 2.944 KB
[17:13:42.392][info] [#0:script/workspace/loading.lua:113]: ++++As library of:	file:///home/marculonis/.config/bin/lua-language-server-3.7.4-linux-x64/meta/Lua%205.4%20en-us%20utf8/package.lua
[17:13:42.392][info] [#0:script/workspace/loading.lua:98]: Skip loaded file: file:///home/marculonis/.config/bin/lua-language-server-3.7.4-linux-x64/meta/Lua%205.4%20en-us%20utf8/package.lua
[17:13:42.392][info] [#0:script/workspace/loading.lua:101]: Preload file at: file:///home/marculonis/.config/bin/lua-language-server-3.7.4-linux-x64/meta/Lua%205.4%20en-us%20utf8/string.lua , size = 6.341 KB
[17:13:42.399][info] [#0:script/workspace/loading.lua:113]: ++++As library of:	file:///home/marculonis/.config/bin/lua-language-server-3.7.4-linux-x64/meta/Lua%205.4%20en-us%20utf8/string.lua
[17:13:42.399][info] [#0:script/workspace/loading.lua:98]: Skip loaded file: file:///home/marculonis/.config/bin/lua-language-server-3.7.4-linux-x64/meta/Lua%205.4%20en-us%20utf8/string.lua
[17:13:42.399][info] [#0:script/workspace/loading.lua:101]: Preload file at: file:///home/marculonis/.config/bin/lua-language-server-3.7.4-linux-x64/meta/Lua%205.4%20en-us%20utf8/io.lua , size = 6.364 KB
[17:13:42.406][info] [#0:script/workspace/loading.lua:113]: ++++As library of:	file:///home/marculonis/.config/bin/lua-language-server-3.7.4-linux-x64/meta/Lua%205.4%20en-us%20utf8/io.lua
[17:13:42.406][info] [#0:script/workspace/loading.lua:98]: Skip loaded file: file:///home/marculonis/.config/bin/lua-language-server-3.7.4-linux-x64/meta/Lua%205.4%20en-us%20utf8/io.lua
[17:13:42.406][info] [#0:script/workspace/loading.lua:101]: Preload file at: file:///home/marculonis/.config/bin/lua-language-server-3.7.4-linux-x64/meta/Lua%205.4%20en-us%20utf8/builtin.lua , size = 0.302 KB
[17:13:42.407][info] [#0:script/workspace/loading.lua:113]: ++++As library of:	file:///home/marculonis/.config/bin/lua-language-server-3.7.4-linux-x64/meta/Lua%205.4%20en-us%20utf8/builtin.lua
[17:13:42.407][info] [#0:script/workspace/loading.lua:98]: Skip loaded file: file:///home/marculonis/.config/bin/lua-language-server-3.7.4-linux-x64/meta/Lua%205.4%20en-us%20utf8/utf8.lua
[17:13:42.407][info] [#0:script/workspace/loading.lua:98]: Skip loaded file: file:///home/marculonis/.config/bin/lua-language-server-3.7.4-linux-x64/meta/Lua%205.4%20en-us%20utf8/builtin.lua
[17:13:42.407][info] [#0:script/workspace/loading.lua:101]: Preload file at: file:///home/marculonis/.config/bin/lua-language-server-3.7.4-linux-x64/meta/Lua%205.4%20en-us%20utf8/debug.lua , size = 7.637 KB
[17:13:42.412][info] [#0:script/workspace/loading.lua:113]: ++++As library of:	file:///home/marculonis/.config/bin/lua-language-server-3.7.4-linux-x64/meta/Lua%205.4%20en-us%20utf8/debug.lua
[17:13:42.412][info] [#0:script/workspace/loading.lua:98]: Skip loaded file: file:///home/marculonis/.config/bin/lua-language-server-3.7.4-linux-x64/meta/Lua%205.4%20en-us%20utf8/debug.lua
[17:13:42.412][info] [#0:script/workspace/loading.lua:101]: Preload file at: file:///home/marculonis/.config/bin/lua-language-server-3.7.4-linux-x64/meta/Lua%205.4%20en-us%20utf8/math.lua , size = 8.509 KB
[17:13:42.417][info] [#0:script/workspace/loading.lua:113]: ++++As library of:	file:///home/marculonis/.config/bin/lua-language-server-3.7.4-linux-x64/meta/Lua%205.4%20en-us%20utf8/math.lua
[17:13:42.417][info] [#0:script/workspace/loading.lua:98]: Skip loaded file: file:///home/marculonis/.config/bin/lua-language-server-3.7.4-linux-x64/meta/Lua%205.4%20en-us%20utf8/math.lua
[17:13:42.417][info] [#0:script/workspace/loading.lua:101]: Preload file at: file:///home/marculonis/.config/bin/lua-language-server-3.7.4-linux-x64/meta/Lua%205.4%20en-us%20utf8/basic.lua , size = 15.377 KB
[17:13:42.425][info] [#0:script/workspace/loading.lua:113]: ++++As library of:	file:///home/marculonis/.config/bin/lua-language-server-3.7.4-linux-x64/meta/Lua%205.4%20en-us%20utf8/basic.lua
[17:13:42.425][info] [#0:script/workspace/loading.lua:89]: Skip loaded file: file:///home/marculonis/.config/bin/lua-language-server-3.7.4-linux-x64/meta/Lua%205.4%20en-us%20utf8/basic.lua
[17:13:42.425][info] [#0:script/workspace/loading.lua:113]: ++++As library of:	file:///home/marculonis/.config/bin/lua-language-server-3.7.4-linux-x64/meta/Lua%205.4%20en-us%20utf8/basic.lua
[17:13:42.425][info] [#0:script/workspace/loading.lua:101]: Preload file at: file:///home/marculonis/.config/bin/lua-language-server-3.7.4-linux-x64/meta/Lua%205.4%20en-us%20utf8/coroutine.lua , size = 2.590 KB
[17:13:42.426][info] [#0:script/workspace/loading.lua:113]: ++++As library of:	file:///home/marculonis/.config/bin/lua-language-server-3.7.4-linux-x64/meta/Lua%205.4%20en-us%20utf8/coroutine.lua
[17:13:42.427][info] [#0:script/workspace/loading.lua:98]: Skip loaded file: file:///home/marculonis/.config/bin/lua-language-server-3.7.4-linux-x64/meta/Lua%205.4%20en-us%20utf8/coroutine.lua
[17:13:42.427][info] [#0:script/workspace/loading.lua:89]: Skip loaded file: file:///home/marculonis/.config/backup_nvim/autoload/plugged/vim-illuminate/lua/illuminate.lua
[17:13:42.427][info] [#0:script/workspace/loading.lua:101]: Preload file at: file:///home/marculonis/.config/backup_nvim/autoload/plugged/vim-illuminate/lua/illuminate/textobj.lua , size = 1.034 KB
[17:13:42.427][info] [#0:script/workspace/loading.lua:101]: Preload file at: file:///home/marculonis/.config/backup_nvim/autoload/plugged/vim-illuminate/lua/illuminate/providers/treesitter.lua , size = 1.201 KB
[17:13:42.428][info] [#0:script/workspace/loading.lua:101]: Preload file at: file:///home/marculonis/.config/backup_nvim/autoload/plugged/vim-illuminate/lua/illuminate/providers/regex.lua , size = 2.028 KB
[17:13:42.430][info] [#0:script/workspace/loading.lua:101]: Preload file at: file:///home/marculonis/.config/backup_nvim/autoload/plugged/vim-illuminate/lua/illuminate/providers/lsp.lua , size = 3.351 KB
[17:13:42.431][info] [#0:script/workspace/loading.lua:101]: Preload file at: file:///home/marculonis/.config/backup_nvim/autoload/plugged/vim-illuminate/lua/illuminate/engine.lua , size = 8.021 KB
[17:13:42.435][info] [#0:script/workspace/loading.lua:101]: Preload file at: file:///home/marculonis/.config/backup_nvim/autoload/plugged/vim-illuminate/lua/illuminate/config.lua , size = 3.331 KB
[17:13:42.437][info] [#0:script/workspace/loading.lua:101]: Preload file at: file:///home/marculonis/.config/backup_nvim/autoload/plugged/vim-illuminate/lua/illuminate/util.lua , size = 1.047 KB
[17:13:42.438][info] [#0:script/workspace/loading.lua:101]: Preload file at: file:///home/marculonis/.config/backup_nvim/autoload/plugged/vim-illuminate/lua/illuminate/highlight.lua , size = 1.732 KB
[17:13:42.438][info] [#0:script/workspace/loading.lua:101]: Preload file at: file:///home/marculonis/.config/backup_nvim/autoload/plugged/vim-illuminate/lua/illuminate/reference.lua , size = 2.103 KB
[17:13:42.440][info] [#0:script/workspace/loading.lua:101]: Preload file at: file:///home/marculonis/.config/backup_nvim/autoload/plugged/vim-illuminate/lua/illuminate/goto.lua , size = 1.809 KB
[17:13:42.541][info] [#0:script/workspace/loading.lua:173]: Loaded files takes [0.101] sec: <fallback>
[17:13:42.541][info] [#0:script/workspace/loading.lua:182]: Compile files takes [0.000] sec: <fallback>
[17:13:42.541][info] [#0:script/workspace/loading.lua:183]: Loaded finish:	<fallback>
[17:13:42.541][info] [#0:script/workspace/workspace.lua:381]: Preload finish at:	<fallback>
[17:13:42.550][info] [#0:script/workspace/loading.lua:173]: Loaded files takes [0.110] sec: file:///home/marculonis/.config/backup_nvim/autoload/plugged/vim-illuminate
[17:13:42.550][info] [#0:script/workspace/loading.lua:182]: Compile files takes [0.000] sec: file:///home/marculonis/.config/backup_nvim/autoload/plugged/vim-illuminate
[17:13:42.550][info] [#0:script/workspace/loading.lua:183]: Loaded finish:	file:///home/marculonis/.config/backup_nvim/autoload/plugged/vim-illuminate
[17:13:42.550][info] [#0:script/workspace/workspace.lua:381]: Preload finish at:	file:///home/marculonis/.config/backup_nvim/autoload/plugged/vim-illuminate
[17:13:42.581][info] [#0:script/provider/diagnostic.lua:557]: Diagnostics scope [file:///home/marculonis/.config/backup_nvim/autoload/plugged/vim-illuminate], files count:[22]
[17:13:42.705][info] [#0:script/provider/diagnostic.lua:574]: Diagnostics scope [file:///home/marculonis/.config/backup_nvim/autoload/plugged/vim-illuminate] finished, takes [0.124] sec.
[17:14:14.073][info] [#0:script/provider/provider.lua:169]: Server shutdown.
[17:14:14.073][warn] [#0:script/pub/report.lua:25]: Load proto error:	Disconnected!
